# trading/bots/arbitrage_bot/logs/execution.log
# NEXUS AI TRADING SYSTEM - Execution Log
# Copyright © 2026 NEXUS QUANTUM LTD - All Rights Reserved
# Log Level: INFO, DEBUG
# Rotation: Daily, Max 10 files
# Format: [TIMESTAMP] [LEVEL] [EXECUTOR] [EXCHANGE] Message

"""
This file contains detailed execution logs for all trades and arbitrage
opportunities executed by the NEXUS AI Trading System. It tracks order
placement, fill status, profit calculations, and execution metrics.
"""

# Sample execution log entries
LOG_ENTRIES = """
[2026-01-01 00:00:05.126] [INFO] [DEX_EXECUTOR] [UNISWAP] Executing dex arbitrage: ETH -> USDC -> DAI -> ETH
[2026-01-01 00:00:05.127] [DEBUG] [DEX_EXECUTOR] [UNISWAP] Route: Uniswap V3 (ETH/USDC) -> Uniswap V3 (USDC/DAI) -> Uniswap V3 (DAI/ETH)
[2026-01-01 00:00:05.128] [DEBUG] [DEX_EXECUTOR] [UNISWAP] Gas price: 45 gwei, Gas limit: 300,000
[2026-01-01 00:00:05.129] [DEBUG] [DEX_EXECUTOR] [UNISWAP] Estimated gas cost: $12.50
[2026-01-01 00:00:05.130] [DEBUG] [DEX_EXECUTOR] [UNISWAP] Expected output: 10.45 ETH (0.45% profit)
[2026-01-01 00:00:05.131] [INFO] [DEX_EXECUTOR] [UNISWAP] Transaction submitted: 0x1234567890abcdef1234567890abcdef12345678
[2026-01-01 00:00:05.132] [DEBUG] [DEX_EXECUTOR] [UNISWAP] Waiting for transaction confirmation...
[2026-01-01 00:00:05.230] [INFO] [DEX_EXECUTOR] [UNISWAP] Transaction confirmed: Block 19876543
[2026-01-01 00:00:05.231] [DEBUG] [DEX_EXECUTOR] [UNISWAP] Gas used: 145,678
[2026-01-01 00:00:05.232] [INFO] [DEX_EXECUTOR] [UNISWAP] Executed: ETH -> USDC -> DAI -> ETH
[2026-01-01 00:00:05.233] [INFO] [DEX_EXECUTOR] [UNISWAP] Input: 10.00 ETH @ $3,456.78 = $34,567.80
[2026-01-01 00:00:05.234] [INFO] [DEX_EXECUTOR] [UNISWAP] Output: 10.38 ETH @ $3,456.78 = $35,881.38
[2026-01-01 00:00:05.235] [INFO] [DEX_EXECUTOR] [UNISWAP] Gross profit: 0.38 ETH ($1,313.58)
[2026-01-01 00:00:05.236] [INFO] [DEX_EXECUTOR] [UNISWAP] Net profit: $8.50 (0.38%)
[2026-01-01 00:00:05.237] [INFO] [DEX_EXECUTOR] [UNISWAP] Execution time: 111ms

[2026-01-01 00:00:10.237] [INFO] [CROSS_EXCHANGE_EXECUTOR] [BINANCE/BYBIT] Executing cross-exchange arbitrage: BTC/USD
[2026-01-01 00:00:10.238] [DEBUG] [CROSS_EXCHANGE_EXECUTOR] [BINANCE/BYBIT] Price diff: 0.12%
[2026-01-01 00:00:10.239] [DEBUG] [CROSS_EXCHANGE_EXECUTOR] [BINANCE] Buy order: 0.5 BTC @ $94,231.00
[2026-01-01 00:00:10.240] [INFO] [CROSS_EXCHANGE_EXECUTOR] [BINANCE] Buy order placed: Order ID: binance_123456
[2026-01-01 00:00:10.241] [DEBUG] [CROSS_EXCHANGE_EXECUTOR] [BYBIT] Sell order: 0.5 BTC @ $94,245.50
[2026-01-01 00:00:10.242] [INFO] [CROSS_EXCHANGE_EXECUTOR] [BYBIT] Sell order placed: Order ID: bybit_789012
[2026-01-01 00:00:10.250] [INFO] [CROSS_EXCHANGE_EXECUTOR] [BINANCE] Buy order filled: 0.5 BTC @ $94,231.00
[2026-01-01 00:00:10.251] [INFO] [CROSS_EXCHANGE_EXECUTOR] [BYBIT] Sell order filled: 0.5 BTC @ $94,245.50
[2026-01-01 00:00:10.252] [INFO] [CROSS_EXCHANGE_EXECUTOR] [BINANCE/BYBIT] Both orders filled successfully
[2026-01-01 00:00:10.253] [INFO] [CROSS_EXCHANGE_EXECUTOR] [BINANCE/BYBIT] Spread captured: $14.50 ($7.25 per BTC)
[2026-01-01 00:00:10.254] [INFO] [CROSS_EXCHANGE_EXECUTOR] [BINANCE/BYBIT] Gross profit: $7.25
[2026-01-01 00:00:10.255] [INFO] [CROSS_EXCHANGE_EXECUTOR] [BINANCE/BYBIT] Fees: Binance $0.50, Bybit $0.50
[2026-01-01 00:00:10.256] [INFO] [CROSS_EXCHANGE_EXECUTOR] [BINANCE/BYBIT] Net profit: $6.25
[2026-01-01 00:00:10.257] [INFO] [CROSS_EXCHANGE_EXECUTOR] [BINANCE/BYBIT] Execution time: 20ms

[2026-01-01 00:00:15.348] [INFO] [TRIANGULAR_EXECUTOR] [OKX] Executing triangular arbitrage: BTC -> ETH -> SOL -> BTC
[2026-01-01 00:00:15.349] [DEBUG] [TRIANGULAR_EXECUTOR] [OKX] Path: BTC/ETH (0.0354) -> ETH/SOL (0.0021) -> SOL/BTC (0.0007)
[2026-01-01 00:00:15.350] [INFO] [TRIANGULAR_EXECUTOR] [OKX] Leg 1: BUY 1.0 BTC @ 0.0354 (BTC/ETH)
[2026-01-01 00:00:15.351] [INFO] [TRIANGULAR_EXECUTOR] [OKX] Leg 1 filled: 1.0 BTC -> 28.25 ETH
[2026-01-01 00:00:15.352] [INFO] [TRIANGULAR_EXECUTOR] [OKX] Leg 2: BUY 28.25 ETH @ 0.0021 (ETH/SOL)
[2026-01-01 00:00:15.353] [INFO] [TRIANGULAR_EXECUTOR] [OKX] Leg 2 filled: 28.25 ETH -> 13,452.38 SOL
[2026-01-01 00:00:15.354] [INFO] [TRIANGULAR_EXECUTOR] [OKX] Leg 3: SELL 13,452.38 SOL @ 0.0007 (SOL/BTC)
[2026-01-01 00:00:15.355] [INFO] [TRIANGULAR_EXECUTOR] [OKX] Leg 3 filled: 13,452.38 SOL -> 1.0032 BTC
[2026-01-01 00:00:15.356] [INFO] [TRIANGULAR_EXECUTOR] [OKX] All legs executed successfully
[2026-01-01 00:00:15.357] [INFO] [TRIANGULAR_EXECUTOR] [OKX] Input: 1.00 BTC
[2026-01-01 00:00:15.358] [INFO] [TRIANGULAR_EXECUTOR] [OKX] Output: 1.0032 BTC
[2026-01-01 00:00:15.359] [INFO] [TRIANGULAR_EXECUTOR] [OKX] Gross profit: 0.0032 BTC ($301.55)
[2026-01-01 00:00:15.360] [INFO] [TRIANGULAR_EXECUTOR] [OKX] Fees: $1.50
[2026-01-01 00:00:15.361] [INFO] [TRIANGULAR_EXECUTOR] [OKX] Net profit: $5.67 (0.32%)
[2026-01-01 00:00:15.362] [INFO] [TRIANGULAR_EXECUTOR] [OKX] Execution time: 14ms

[2026-01-01 00:00:20.460] [INFO] [STATISTICAL_EXECUTOR] [BINANCE] Executing statistical arbitrage: BTC/ETH
[2026-01-01 00:00:20.461] [DEBUG] [STATISTICAL_EXECUTOR] [BINANCE] Correlation: 0.89, Cointegration p-value: 0.023
[2026-01-01 00:00:20.462] [DEBUG] [STATISTICAL_EXECUTOR] [BINANCE] Current z-score: 2.34, Entry z-score: 2.00
[2026-01-01 00:00:20.463] [INFO] [STATISTICAL_EXECUTOR] [BINANCE] Leg 1: SELL 0.5 BTC @ $94,200.00
[2026-01-01 00:00:20.464] [INFO] [STATISTICAL_EXECUTOR] [BINANCE] Leg 1 filled: 0.5 BTC @ $94,200.00
[2026-01-01 00:00:20.465] [INFO] [STATISTICAL_EXECUTOR] [BINANCE] Leg 2: BUY 14.0 ETH @ $3,350.00
[2026-01-01 00:00:20.466] [INFO] [STATISTICAL_EXECUTOR] [BINANCE] Leg 2 filled: 14.0 ETH @ $3,350.00
[2026-01-01 00:00:20.467] [INFO] [STATISTICAL_EXECUTOR] [BINANCE] Position opened: z-score 2.34
[2026-01-01 00:00:20.468] [DEBUG] [STATISTICAL_EXECUTOR] [BINANCE] Expected reversion to mean: 45-60 minutes
[2026-01-01 00:00:20.469] [INFO] [STATISTICAL_EXECUTOR] [BINANCE] Expected profit: $45.00
[2026-01-01 00:00:20.470] [INFO] [STATISTICAL_EXECUTOR] [BINANCE] Stop loss: z-score 3.50 ($150.00)
[2026-01-01 00:00:20.471] [INFO] [STATISTICAL_EXECUTOR] [BINANCE] Take profit: z-score 0.50 ($45.00)

[2026-01-01 00:00:30.681] [INFO] [FLASH_LOAN_EXECUTOR] [AAVE] Executing flash loan arbitrage: USDC
[2026-01-01 00:00:30.682] [DEBUG] [FLASH_LOAN_EXECUTOR] [AAVE] Protocol: AAVE V3, Asset: USDC
[2026-01-01 00:00:30.683] [INFO] [FLASH_LOAN_EXECUTOR] [AAVE] Borrowing 100,000 USDC from AAVE V3
[2026-01-01 00:00:30.684] [DEBUG] [FLASH_LOAN_EXECUTOR] [AAVE] Flash loan fee: 0.09% ($90.00)
[2026-01-01 00:00:30.685] [INFO] [FLASH_LOAN_EXECUTOR] [UNISWAP] Executing swap: 100,000 USDC -> 29.5 ETH
[2026-01-01 00:00:30.686] [INFO] [FLASH_LOAN_EXECUTOR] [UNISWAP] Swap executed: 100,000 USDC -> 29.5 ETH
[2026-01-01 00:00:30.687] [INFO] [FLASH_LOAN_EXECUTOR] [PANCAKESWAP] Executing swap: 29.5 ETH -> 101,500 DAI
[2026-01-01 00:00:30.688] [INFO] [FLASH_LOAN_EXECUTOR] [PANCAKESWAP] Swap executed: 29.5 ETH -> 101,500 DAI
[2026-01-01 00:00:30.689] [INFO] [FLASH_LOAN_EXECUTOR] [CURVE] Executing swap: 101,500 DAI -> 100,135 USDC
[2026-01-01 00:00:30.690] [INFO] [FLASH_LOAN_EXECUTOR] [CURVE] Swap executed: 101,500 DAI -> 100,135 USDC
[2026-01-01 00:00:30.691] [INFO] [FLASH_LOAN_EXECUTOR] [AAVE] Repaying flash loan: 100,090 USDC
[2026-01-01 00:00:30.692] [INFO] [FLASH_LOAN_EXECUTOR] [AAVE] Flash loan completed successfully
[2026-01-01 00:00:30.693] [INFO] [FLASH_LOAN_EXECUTOR] [AAVE] Gross profit: 45 USDC ($45.00)
[2026-01-01 00:00:30.694] [INFO] [FLASH_LOAN_EXECUTOR] [AAVE] Fees: $5.00 (flash loan + swaps)
[2026-01-01 00:00:30.695] [INFO] [FLASH_LOAN_EXECUTOR] [AAVE] Net profit: $40.00
[2026-01-01 00:00:30.696] [INFO] [FLASH_LOAN_EXECUTOR] [AAVE] Execution time: 15ms

[2026-01-01 00:00:35.793] [INFO] [FUTURES_SPOT_EXECUTOR] [BINANCE] Executing basis trade: BTC/USD
[2026-01-01 00:00:35.794] [DEBUG] [FUTURES_SPOT_EXECUTOR] [BINANCE] Spot: $94,200.00, Futures: $94,350.00
[2026-01-01 00:00:35.795] [DEBUG] [FUTURES_SPOT_EXECUTOR] [BINANCE] Basis: 0.16%, Annualized: 5.84%
[2026-01-01 00:00:35.796] [INFO] [FUTURES_SPOT_EXECUTOR] [BINANCE] Leg 1: BUY 1 BTC @ $94,200.00 (SPOT)
[2026-01-01 00:00:35.797] [INFO] [FUTURES_SPOT_EXECUTOR] [BINANCE] Leg 1 filled: 1 BTC @ $94,200.00
[2026-01-01 00:00:35.798] [INFO] [FUTURES_SPOT_EXECUTOR] [BINANCE] Leg 2: SELL 1 BTC @ $94,350.00 (FUTURES)
[2026-01-01 00:00:35.799] [INFO] [FUTURES_SPOT_EXECUTOR] [BINANCE] Leg 2 filled: 1 BTC @ $94,350.00
[2026-01-01 00:00:35.800] [INFO] [FUTURES_SPOT_EXECUTOR] [BINANCE] Position opened: basis 0.16%
[2026-01-01 00:00:35.801] [DEBUG] [FUTURES_SPOT_EXECUTOR] [BINANCE] Expiry: 2026-01-15 08:00:00 UTC
[2026-01-01 00:00:35.802] [DEBUG] [FUTURES_SPOT_EXECUTOR] [BINANCE] Days to expiry: 14
[2026-01-01 00:00:35.803] [INFO] [FUTURES_SPOT_EXECUTOR] [BINANCE] Expected profit: $150.00 (0.16%)
[2026-01-01 00:00:35.804] [INFO] [FUTURES_SPOT_EXECUTOR] [BINANCE] Funding rate: 0.01%

[2026-01-01 00:00:45.901] [INFO] [OPPORTUNITY_SCANNER] [ALL] Scan completed: 5 exchanges, 28 opportunities
[2026-01-01 00:00:45.902] [DEBUG] [OPPORTUNITY_SCANNER] [ALL] Top 5 opportunities:
[2026-01-01 00:00:45.903] [DEBUG] [OPPORTUNITY_SCANNER] [ALL] 1. BTC/USD cross-exchange (0.12%) - Confidence: 0.92
[2026-01-01 00:00:45.904] [DEBUG] [OPPORTUNITY_SCANNER] [ALL] 2. ETH/USD dex arbitrage (0.45%) - Confidence: 0.88
[2026-01-01 00:00:45.905] [DEBUG] [OPPORTUNITY_SCANNER] [ALL] 3. BTC/ETH statistical (z-score 2.34) - Confidence: 0.81
[2026-01-01 00:00:45.906] [DEBUG] [OPPORTUNITY_SCANNER] [ALL] 4. BTC/ETH triangular (0.32%) - Confidence: 0.78
[2026-01-01 00:00:45.907] [DEBUG] [OPPORTUNITY_SCANNER] [ALL] 5. USDC flash loan (0.045%) - Confidence: 0.75

[2026-01-01 00:01:00.012] [INFO] [SMART_EXECUTOR] [ALL] Strategy selection: High volatility (0.8)
[2026-01-01 00:01:00.013] [DEBUG] [SMART_EXECUTOR] [ALL] Strategy scores:
[2026-01-01 00:01:00.014] [DEBUG] [SMART_EXECUTOR] [ALL]   parallel: 0.85
[2026-01-01 00:01:00.015] [DEBUG] [SMART_EXECUTOR] [ALL]   batch: 0.72
[2026-01-01 00:01:00.016] [DEBUG] [SMART_EXECUTOR] [ALL]   sequential: 0.68
[2026-01-01 00:01:00.017] [DEBUG] [SMART_EXECUTOR] [ALL]   cross_exchange: 0.65
[2026-01-01 00:01:00.018] [DEBUG] [SMART_EXECUTOR] [ALL]   dex: 0.60
[2026-01-01 00:01:00.019] [INFO] [SMART_EXECUTOR] [ALL] Selected strategy: parallel (score: 0.85)

[2026-01-01 00:01:05.123] [INFO] [MIXED_EXECUTOR] [ALL] Executing mixed strategy
[2026-01-01 00:01:05.124] [DEBUG] [MIXED_EXECUTOR] [ALL] Sub-strategies:
[2026-01-01 00:01:05.125] [DEBUG] [MIXED_EXECUTOR] [ALL]   dex_arbitrage: 2 orders, expected profit $12.34
[2026-01-01 00:01:05.126] [DEBUG] [MIXED_EXECUTOR] [ALL]   cross_exchange: 3 orders, expected profit $23.45
[2026-01-01 00:01:05.127] [DEBUG] [MIXED_EXECUTOR] [ALL]   statistical: 1 order, expected profit $9.41
[2026-01-01 00:01:05.128] [INFO] [MIXED_EXECUTOR] [ALL] Combined profit: $45.20
[2026-01-01 00:01:05.129] [INFO] [MIXED_EXECUTOR] [ALL] Combined risk: 0.25
[2026-01-01 00:01:05.130] [INFO] [MIXED_EXECUTOR] [ALL] Confidence: 0.82

[2026-01-01 00:02:00.234] [INFO] [PARALLEL_EXECUTOR] [ALL] Parallel execution: 8 tasks
[2026-01-01 00:02:00.235] [DEBUG] [PARALLEL_EXECUTOR] [ALL] Task distribution:
[2026-01-01 00:02:00.236] [DEBUG] [PARALLEL_EXECUTOR] [ALL]   Task 1: binance (BTC/USD) - 45ms
[2026-01-01 00:02:00.237] [DEBUG] [PARALLEL_EXECUTOR] [ALL]   Task 2: bybit (ETH/USD) - 52ms
[2026-01-01 00:02:00.238] [DEBUG] [PARALLEL_EXECUTOR] [ALL]   Task 3: okx (SOL/USD) - 38ms
[2026-01-01 00:02:00.239] [DEBUG] [PARALLEL_EXECUTOR] [ALL]   Task 4: uniswap (ETH/USDC) - 67ms
[2026-01-01 00:02:00.240] [DEBUG] [PARALLEL_EXECUTOR] [ALL]   Task 5: pancakeswap (BTC/BNB) - 58ms
[2026-01-01 00:02:00.241] [DEBUG] [PARALLEL_EXECUTOR] [ALL]   Task 6: binance (ADA/USD) - 42ms
[2026-01-01 00:02:00.242] [DEBUG] [PARALLEL_EXECUTOR] [ALL]   Task 7: bybit (DOT/USD) - 55ms
[2026-01-01 00:02:00.243] [DEBUG] [PARALLEL_EXECUTOR] [ALL]   Task 8: okx (LINK/USD) - 61ms
[2026-01-01 00:02:00.244] [INFO] [PARALLEL_EXECUTOR] [ALL] Successful: 7, Failed: 1
[2026-01-01 00:02:00.245] [INFO] [PARALLEL_EXECUTOR] [ALL] Total profit: $45.67
[2026-01-01 00:02:00.246] [INFO] [PARALLEL_EXECUTOR] [ALL] Avg execution time: 56ms
[2026-01-01 00:02:00.247] [INFO] [PARALLEL_EXECUTOR] [ALL] Worker utilization: 87.5%

[2026-01-01 00:03:00.345] [INFO] [SEQUENTIAL_EXECUTOR] [ALL] Sequential execution: 5 steps
[2026-01-01 00:03:00.346] [DEBUG] [SEQUENTIAL_EXECUTOR] [ALL] Step 1: binance (BTC/USD) BUY - 23ms
[2026-01-01 00:03:00.347] [DEBUG] [SEQUENTIAL_EXECUTOR] [ALL] Step 2: bybit (BTC/USD) SELL - 21ms
[2026-01-01 00:03:00.348] [DEBUG] [SEQUENTIAL_EXECUTOR] [ALL] Step 3: okx (BTC/USD) BUY - 25ms
[2026-01-01 00:03:00.349] [DEBUG] [SEQUENTIAL_EXECUTOR] [ALL] Step 4: binance (BTC/USD) SELL - 22ms
[2026-01-01 00:03:00.350] [DEBUG] [SEQUENTIAL_EXECUTOR] [ALL] Step 5: bybit (BTC/USD) BUY - 24ms
[2026-01-01 00:03:00.351] [INFO] [SEQUENTIAL_EXECUTOR] [ALL] Completed: 5, Failed: 0, Rollbacks: 0
[2026-01-01 00:03:00.352] [INFO] [SEQUENTIAL_EXECUTOR] [ALL] Total profit: $12.34
[2026-01-01 00:03:00.353] [INFO] [SEQUENTIAL_EXECUTOR] [ALL] Avg step time: 23ms
[2026-01-01 00:03:00.354] [INFO] [SEQUENTIAL_EXECUTOR] [ALL] Success rate: 100%

[2026-01-01 00:04:00.456] [INFO] [BATCH_EXECUTOR] [ALL] Batch execution: 5 orders
[2026-01-01 00:04:00.457] [DEBUG] [BATCH_EXECUTOR] [ALL] Orders:
[2026-01-01 00:04:00.458] [DEBUG] [BATCH_EXECUTOR] [ALL]   1. BTC/USD BUY @ $94,200.00 (Binance)
[2026-01-01 00:04:00.459] [DEBUG] [BATCH_EXECUTOR] [ALL]   2. BTC/USD SELL @ $94,245.00 (Bybit)
[2026-01-01 00:04:00.460] [DEBUG] [BATCH_EXECUTOR] [ALL]   3. ETH/USD BUY @ $3,450.00 (OKX)
[2026-01-01 00:04:00.461] [DEBUG] [BATCH_EXECUTOR] [ALL]   4. ETH/USD SELL @ $3,465.00 (Binance)
[2026-01-01 00:04:00.462] [DEBUG] [BATCH_EXECUTOR] [ALL]   5. SOL/USD BUY @ $185.50 (Bybit)
[2026-01-01 00:04:00.463] [INFO] [BATCH_EXECUTOR] [ALL] Gas optimization: enabled
[2026-01-01 00:04:00.464] [INFO] [BATCH_EXECUTOR] [ALL] Estimated gas savings: 15%
[2026-01-01 00:04:00.465] [INFO] [BATCH_EXECUTOR] [ALL] Estimated execution time: 120ms
[2026-01-01 00:04:00.466] [INFO] [BATCH_EXECUTOR] [ALL] All orders executed successfully
[2026-01-01 00:04:00.467] [INFO] [BATCH_EXECUTOR] [ALL] Total profit: $23.45
[2026-01-01 00:04:00.468] [INFO] [BATCH_EXECUTOR] [ALL] Avg execution time: 24ms per order

[2026-01-01 00:05:00.567] [INFO] [ORDER_EXECUTOR] [BINANCE] Placing order: BTC/USD BUY 0.5 BTC @ $94,200.00
[2026-01-01 00:05:00.568] [DEBUG] [ORDER_EXECUTOR] [BINANCE] Order type: LIMIT, Time in force: GTC
[2026-01-01 00:05:00.569] [INFO] [ORDER_EXECUTOR] [BINANCE] Order placed: Order ID: binance_234567
[2026-01-01 00:05:00.570] [DEBUG] [ORDER_EXECUTOR] [BINANCE] Status: OPEN
[2026-01-01 00:05:00.571] [DEBUG] [ORDER_EXECUTOR] [BINANCE] Monitoring order status...
[2026-01-01 00:05:00.580] [INFO] [ORDER_EXECUTOR] [BINANCE] Order filled: 0.5 BTC @ $94,200.00
[2026-01-01 00:05:00.581] [INFO] [ORDER_EXECUTOR] [BINANCE] Execution time: 14ms
[2026-01-01 00:05:00.582] [INFO] [ORDER_EXECUTOR] [BINANCE] Trade: Trade ID: binance_trade_123456

[2026-01-01 00:06:00.678] [INFO] [EXECUTION_MONITOR] [ALL] Execution summary (last 5 minutes):
[2026-01-01 00:06:00.679] [DEBUG] [EXECUTION_MONITOR] [ALL] Total opportunities: 142
[2026-01-01 00:06:00.680] [DEBUG] [EXECUTION_MONITOR] [ALL] Opportunities by strategy:
[2026-01-01 00:06:00.681] [DEBUG] [EXECUTION_MONITOR] [ALL]   cross_exchange: 45
[2026-01-01 00:06:00.682] [DEBUG] [EXECUTION_MONITOR] [ALL]   dex: 32
[2026-01-01 00:06:00.683] [DEBUG] [EXECUTION_MONITOR] [ALL]   statistical: 28
[2026-01-01 00:06:00.684] [DEBUG] [EXECUTION_MONITOR] [ALL]   triangular: 22
[2026-01-01 00:06:00.685] [DEBUG] [EXECUTION_MONITOR] [ALL]   futures_spot: 18
[2026-01-01 00:06:00.686] [DEBUG] [EXECUTION_MONITOR] [ALL]   flash_loan: 12
[2026-01-01 00:06:00.687] [DEBUG] [EXECUTION_MONITOR] [ALL]   mixed: 10
[2026-01-01 00:06:00.688] [INFO] [EXECUTION_MONITOR] [ALL] Executed: 12, Succeeded: 10, Failed: 2
[2026-01-01 00:06:00.689] [INFO] [EXECUTION_MONITOR] [ALL] Total profit: $234.50
[2026-01-01 00:06:00.690] [INFO] [EXECUTION_MONITOR] [ALL] Success rate: 83.3%
[2026-01-01 00:06:00.691] [INFO] [EXECUTION_MONITOR] [ALL] Avg execution time: 85ms

[2026-01-01 00:10:00.789] [INFO] [POSITION_MANAGER] [ALL] Position summary:
[2026-01-01 00:10:00.790] [DEBUG] [POSITION_MANAGER] [ALL] Active positions: 8
[2026-01-01 00:10:00.791] [DEBUG] [POSITION_MANAGER] [ALL]   1. BTC/USD long: 0.5 BTC @ $94,200.00 (PNL: +$200.00)
[2026-01-01 00:10:00.792] [DEBUG] [POSITION_MANAGER] [ALL]   2. BTC/USD short: 0.3 BTC @ $94,350.00 (PNL: -$150.00)
[2026-01-01 00:10:00.793] [DEBUG] [POSITION_MANAGER] [ALL]   3. ETH/USD long: 2.0 ETH @ $3,250.00 (PNL: +$100.00)
[2026-01-01 00:10:00.794] [DEBUG] [POSITION_MANAGER] [ALL]   4. BTC/ETH spread: z-score 1.80 (PNL: -$25.00)
[2026-01-01 00:10:00.795] [DEBUG] [POSITION_MANAGER] [ALL]   5. SOL/USD long: 50 SOL @ $185.50 (PNL: +$25.00)
[2026-01-01 00:10:00.796] [DEBUG] [POSITION_MANAGER] [ALL]   6. BTC/USD basis: 0.16% (PNL: +$75.00)
[2026-01-01 00:10:00.797] [DEBUG] [POSITION_MANAGER] [ALL]   7. USDC flash loan: completed (PNL: +$40.00)
[2026-01-01 00:10:00.798] [DEBUG] [POSITION_MANAGER] [ALL]   8. ARB/USD long: 1000 ARB @ $1.50 (PNL: +$50.00)
[2026-01-01 00:10:00.799] [INFO] [POSITION_MANAGER] [ALL] Total unrealized PNL: +$315.00
[2026-01-01 00:10:00.800] [INFO] [POSITION_MANAGER] [ALL] Total realized PNL (today): +$1,455.43
[2026-01-01 00:10:00.801] [INFO] [POSITION_MANAGER] [ALL] Total exposure: $235,678.90

[2026-01-01 01:00:00.123] [INFO] [EXECUTION_MONITOR] [ALL] Hourly execution summary (00:00-01:00):
[2026-01-01 01:00:00.124] [DEBUG] [EXECUTION_MONITOR] [ALL] Trades executed: 12
[2026-01-01 01:00:00.125] [DEBUG] [EXECUTION_MONITOR] [ALL] Volume: $34,567.89
[2026-01-01 01:00:00.126] [DEBUG] [EXECUTION_MONITOR] [ALL] Profit: $123.45
[2026-01-01 01:00:00.127] [DEBUG] [EXECUTION_MONITOR] [ALL] Best trade: $23.45 (BTC cross-exchange)
[2026-01-01 01:00:00.128] [DEBUG] [EXECUTION_MONITOR] [ALL] Worst trade: -$5.67 (ETH dex arbitrage)
[2026-01-01 01:00:00.129] [DEBUG] [EXECUTION_MONITOR] [ALL] Win rate: 75.0%
[2026-01-01 01:00:00.130] [DEBUG] [EXECUTION_MONITOR] [ALL] Avg execution time: 82ms

[2026-01-01 02:00:00.234] [INFO] [EXECUTION_MONITOR] [ALL] Hourly execution summary (01:00-02:00):
[2026-01-01 02:00:00.235] [DEBUG] [EXECUTION_MONITOR] [ALL] Trades executed: 8
[2026-01-01 02:00:00.236] [DEBUG] [EXECUTION_MONITOR] [ALL] Volume: $23,456.78
[2026-01-01 02:00:00.237] [DEBUG] [EXECUTION_MONITOR] [ALL] Profit: $89.01
[2026-01-01 02:00:00.238] [DEBUG] [EXECUTION_MONITOR] [ALL] Best trade: $12.34 (SOL cross-exchange)
[2026-01-01 02:00:00.239] [DEBUG] [EXECUTION_MONITOR] [ALL] Worst trade: -$3.45 (BTC/ETH statistical)
[2026-01-01 02:00:00.240] [DEBUG] [EXECUTION_MONITOR] [ALL] Win rate: 62.5%

[2026-01-01 23:59:59.999] [INFO] [EXECUTION_MONITOR] [ALL] Daily execution summary:
[2026-01-01 23:59:59.999] [DEBUG] [EXECUTION_MONITOR] [ALL] Total trades: 167
[2026-01-01 23:59:59.999] [DEBUG] [EXECUTION_MONITOR] [ALL] Total volume: $483,678.90
[2026-01-01 23:59:59.999] [DEBUG] [EXECUTION_MONITOR] [ALL] Total profit: $1,567.89
[2026-01-01 23:59:59.999] [DEBUG] [EXECUTION_MONITOR] [ALL] Net profit: $1,455.43
[2026-01-01 23:59:59.999] [DEBUG] [EXECUTION_MONITOR] [ALL] Win rate: 74.8%
[2026-01-01 23:59:59.999] [DEBUG] [EXECUTION_MONITOR] [ALL] Avg profit per trade: $9.39
[2026-01-01 23:59:59.999] [DEBUG] [EXECUTION_MONITOR] [ALL] Avg execution time: 92ms
[2026-01-01 23:59:59.999] [DEBUG] [EXECUTION_MONITOR] [ALL] Best trade: $67.89 (BTC cross-exchange)
[2026-01-01 23:59:59.999] [DEBUG] [EXECUTION_MONITOR] [ALL] Worst trade: -$34.56 (ETH flash loan)
[2026-01-01 23:59:59.999] [DEBUG] [EXECUTION_MONITOR] [ALL] Most profitable strategy: cross_exchange ($567.89)
[2026-01-01 23:59:59.999] [DEBUG] [EXECUTION_MONITOR] [ALL] Least profitable strategy: flash_loan ($67.89)
[2026-01-01 23:59:59.999] [INFO] [EXECUTION_MONITOR] [ALL] Daily execution summary complete
"""

# Execution metadata
EXECUTION_METADATA = {
    "filename": "execution.log",
    "file_size_mb": 18.4,
    "entries_count": 1234,
    "info_count": 876,
    "debug_count": 358,
    "total_trades": 167,
    "total_profit_usd": 1567.89,
    "total_volume_usd": 483678.90,
    "win_rate": 74.8,
    "best_trade": 67.89,
    "worst_trade": -34.56,
    "avg_execution_time_ms": 92,
    "start_time": "2026-01-01 00:00:00.000",
    "end_time": "2026-01-01 23:59:59.999",
    "by_strategy": {
        "cross_exchange": {"count": 45, "profit": 567.89},
        "dex": {"count": 32, "profit": 345.67},
        "statistical": {"count": 28, "profit": 234.56},
        "triangular": {"count": 22, "profit": 178.90},
        "futures_spot": {"count": 18, "profit": 145.67},
        "flash_loan": {"count": 12, "profit": 67.89},
        "mixed": {"count": 10, "profit": 27.31},
    },
    "by_exchange": {
        "binance": {"count": 52, "profit": 456.78},
        "bybit": {"count": 38, "profit": 345.67},
        "okx": {"count": 30, "profit": 234.56},
        "uniswap": {"count": 25, "profit": 234.56},
        "pancakeswap": {"count": 22, "profit": 296.32},
    },
}

# Module exports
__all__ = [
    'LOG_ENTRIES',
    'EXECUTION_METADATA',
]
