# trading/bots/arbitrage_bot/logs/trades.log
# NEXUS AI TRADING SYSTEM - TRADES LOG
# Copyright © 2026 NEXUS QUANTUM LTD - All Rights Reserved
# Version: 3.0.0
# ========================================================================================
# LOG FORMAT SPECIFICATION:
# TIMESTAMP | TRADE_ID | STRATEGY | EXCHANGE_BUY | EXCHANGE_SELL | SYMBOL | SIDE | QUANTITY | PRICE | VALUE | FEE | PROFIT | PNL | STATUS | DURATION
# 
# FIELDS:
# - TIMESTAMP: Trade execution timestamp
# - TRADE_ID: Unique trade identifier
# - STRATEGY: Arbitrage strategy used (CEX_CEX, CROSS_CHAIN, TRIANGULAR, DEX_DEX, FUNDING_RATE)
# - EXCHANGE_BUY: Exchange where buy order was placed
# - EXCHANGE_SELL: Exchange where sell order was placed
# - SYMBOL: Trading pair symbol
# - SIDE: BUY or SELL
# - QUANTITY: Trade quantity
# - PRICE: Execution price
# - VALUE: Total trade value
# - FEE: Trading fees
# - PROFIT: Gross profit
# - PNL: Net profit/loss (Profit - Fees - Gas)
# - STATUS: COMPLETED, PARTIAL, FAILED, CANCELLED
# - DURATION: Trade execution time in seconds
# ========================================================================================

2026-01-15 00:00:01.234 | TRD-001-2026 | CEX_CEX | BINANCE | BYBIT | BTC-USDT | BUY | 2.500000 | 95672.50 | 239181.25 | 28.50 | 1004.25 | 975.75 | COMPLETED | 1.8
2026-01-15 00:00:03.456 | TRD-001-2026 | CEX_CEX | BINANCE | BYBIT | BTC-USDT | SELL | 2.500000 | 96074.20 | 240185.50 | 28.50 | 1004.25 | 975.75 | COMPLETED | 1.8
2026-01-15 00:00:05.678 | TRD-002-2026 | CEX_CEX | COINBASE | KRAKEN | ETH-USDT | BUY | 15.000000 | 3124.80 | 46872.00 | 8.20 | 164.25 | 156.05 | COMPLETED | 1.2
2026-01-15 00:00:08.901 | TRD-002-2026 | CEX_CEX | COINBASE | KRAKEN | ETH-USDT | SELL | 15.000000 | 3135.75 | 47036.25 | 8.20 | 164.25 | 156.05 | COMPLETED | 1.2
2026-01-15 00:00:12.345 | TRD-003-2026 | CEX_CEX | BITGET | OKX | AVAX-USDT | BUY | 1200.000000 | 34.12 | 40944.00 | 12.54 | 228.00 | 215.46 | COMPLETED | 1.4
2026-01-15 00:00:15.678 | TRD-003-2026 | CEX_CEX | BITGET | OKX | AVAX-USDT | SELL | 1200.000000 | 34.31 | 41172.00 | 12.54 | 228.00 | 215.46 | COMPLETED | 1.4
2026-01-15 00:00:18.901 | TRD-004-2026 | CEX_CEX | GATEIO | HUOBI | DOT-USDT | BUY | 2000.000000 | 6.89 | 13780.00 | 6.89 | 100.00 | 93.11 | COMPLETED | 1.1
2026-01-15 00:00:22.456 | TRD-004-2026 | CEX_CEX | GATEIO | HUOBI | DOT-USDT | SELL | 2000.000000 | 6.94 | 13880.00 | 6.89 | 100.00 | 93.11 | COMPLETED | 1.1
2026-01-15 00:00:25.678 | TRD-005-2026 | CEX_CEX | BYBIT | KRAKEN | XRP-USDT | BUY | 10000.000000 | 0.5234 | 5234.00 | 2.62 | 25.00 | 22.38 | COMPLETED | 0.9
2026-01-15 00:00:28.901 | TRD-005-2026 | CEX_CEX | BYBIT | KRAKEN | XRP-USDT | SELL | 10000.000000 | 0.5259 | 5259.00 | 2.62 | 25.00 | 22.38 | COMPLETED | 0.9
2026-01-15 00:00:32.345 | TRD-006-2026 | CEX_CEX | COINBASE | BITGET | ADA-USDT | BUY | 5000.000000 | 0.3456 | 1728.00 | 1.73 | 10.50 | 8.77 | COMPLETED | 1.6
2026-01-15 00:00:35.678 | TRD-006-2026 | CEX_CEX | COINBASE | BITGET | ADA-USDT | SELL | 5000.000000 | 0.3477 | 1738.50 | 1.73 | 10.50 | 8.77 | COMPLETED | 1.6
2026-01-15 00:00:38.901 | TRD-007-2026 | CEX_CEX | BINANCE | BYBIT | MATIC-USDT | BUY | 3000.000000 | 0.7890 | 2367.00 | 3.95 | 21.00 | 17.05 | COMPLETED | 1.8
2026-01-15 00:00:42.456 | TRD-007-2026 | CEX_CEX | BINANCE | BYBIT | MATIC-USDT | SELL | 3000.000000 | 0.7960 | 2388.00 | 3.95 | 21.00 | 17.05 | COMPLETED | 1.8
2026-01-15 00:00:45.678 | TRD-008-2026 | CEX_CEX | KRAKEN | OKX | ATOM-USDT | BUY | 800.000000 | 8.92 | 7136.00 | 3.57 | 32.00 | 28.43 | COMPLETED | 1.2
2026-01-15 00:00:48.901 | TRD-008-2026 | CEX_CEX | KRAKEN | OKX | ATOM-USDT | SELL | 800.000000 | 8.96 | 7168.00 | 3.57 | 32.00 | 28.43 | COMPLETED | 1.2
2026-01-15 00:00:52.345 | TRD-009-2026 | CEX_CEX | HUOBI | GATEIO | FIL-USDT | BUY | 1500.000000 | 5.23 | 7845.00 | 3.92 | 60.00 | 56.08 | COMPLETED | 1.5
2026-01-15 00:00:55.678 | TRD-009-2026 | CEX_CEX | HUOBI | GATEIO | FIL-USDT | SELL | 1500.000000 | 5.27 | 7905.00 | 3.92 | 60.00 | 56.08 | COMPLETED | 1.5
2026-01-15 00:00:58.901 | TRD-010-2026 | CEX_CEX | BINANCE | OKX | BNB-USDT | BUY | 50.000000 | 598.20 | 29910.00 | 5.98 | 155.00 | 149.02 | COMPLETED | 1.4
2026-01-15 00:01:02.456 | TRD-010-2026 | CEX_CEX | BINANCE | OKX | BNB-USDT | SELL | 50.000000 | 601.30 | 30065.00 | 5.98 | 155.00 | 149.02 | COMPLETED | 1.4
2026-01-15 00:01:05.678 | TRD-011-2026 | CEX_CEX | GATEIO | KRAKEN | UNI-USDT | BUY | 1000.000000 | 6.78 | 6780.00 | 3.39 | 30.00 | 26.61 | COMPLETED | 1.3
2026-01-15 00:01:08.901 | TRD-011-2026 | CEX_CEX | GATEIO | KRAKEN | UNI-USDT | SELL | 1000.000000 | 6.81 | 6810.00 | 3.39 | 30.00 | 26.61 | COMPLETED | 1.3
2026-01-15 00:01:12.345 | TRD-012-2026 | CEX_CEX | BITGET | HUOBI | NEAR-USDT | BUY | 800.000000 | 4.56 | 3648.00 | 1.82 | 32.00 | 30.18 | COMPLETED | 1.6
2026-01-15 00:01:15.678 | TRD-012-2026 | CEX_CEX | BITGET | HUOBI | NEAR-USDT | SELL | 800.000000 | 4.60 | 3680.00 | 1.82 | 32.00 | 30.18 | COMPLETED | 1.6
2026-01-15 00:01:18.901 | TRD-013-2026 | CEX_CEX | COINBASE | BINANCE | XLM-USDT | BUY | 50000.000000 | 0.1234 | 6170.00 | 3.08 | 35.00 | 31.92 | COMPLETED | 1.2
2026-01-15 00:01:22.456 | TRD-013-2026 | CEX_CEX | COINBASE | BINANCE | XLM-USDT | SELL | 50000.000000 | 0.1241 | 6205.00 | 3.08 | 35.00 | 31.92 | COMPLETED | 1.2

# ======================== TRIANGULAR ARBITRAGE TRADES ========================

2026-01-15 00:02:00.123 | TRD-014-2026 | TRIANGULAR | BINANCE | BINANCE | USDT-BTC-ETH | BUY | 10000.000000 | 95672.50 | 10000.00 | 2.50 | 23.00 | 20.50 | COMPLETED | 2.1
2026-01-15 00:02:02.456 | TRD-014-2026 | TRIANGULAR | BINANCE | BINANCE | BTC-ETH-USDT | SELL | 10023.000000 | 3135.75 | 10023.00 | 2.50 | 23.00 | 20.50 | COMPLETED | 2.1
2026-01-15 00:02:05.678 | TRD-015-2026 | TRIANGULAR | BINANCE | BINANCE | USDT-ETH-BNB | BUY | 10000.000000 | 3124.80 | 10000.00 | 1.80 | 18.00 | 16.20 | COMPLETED | 1.9
2026-01-15 00:02:08.901 | TRD-015-2026 | TRIANGULAR | BINANCE | BINANCE | ETH-BNB-USDT | SELL | 10018.000000 | 598.20 | 10018.00 | 1.80 | 18.00 | 16.20 | COMPLETED | 1.9
2026-01-15 00:02:12.345 | TRD-016-2026 | TRIANGULAR | BYBIT | BYBIT | USDT-BTC-ETH | BUY | 10000.000000 | 95682.30 | 10000.00 | 2.80 | 21.00 | 18.20 | COMPLETED | 2.3
2026-01-15 00:02:15.678 | TRD-016-2026 | TRIANGULAR | BYBIT | BYBIT | BTC-ETH-USDT | SELL | 10021.000000 | 3130.50 | 10021.00 | 2.80 | 21.00 | 18.20 | COMPLETED | 2.3
2026-01-15 00:02:18.901 | TRD-017-2026 | TRIANGULAR | COINBASE | COINBASE | USD-ETH-BTC | BUY | 10000.000000 | 3128.90 | 10000.00 | 1.50 | 19.00 | 17.50 | COMPLETED | 1.8
2026-01-15 00:02:21.456 | TRD-017-2026 | TRIANGULAR | COINBASE | COINBASE | ETH-BTC-USD | SELL | 10019.000000 | 95690.00 | 10019.00 | 1.50 | 19.00 | 17.50 | COMPLETED | 1.8
2026-01-15 00:02:24.678 | TRD-018-2026 | TRIANGULAR | KRAKEN | KRAKEN | USD-BTC-ETH | BUY | 10000.000000 | 95678.00 | 10000.00 | 2.20 | 22.00 | 19.80 | COMPLETED | 2.0
2026-01-15 00:02:27.901 | TRD-018-2026 | TRIANGULAR | KRAKEN | KRAKEN | BTC-ETH-USD | SELL | 10022.000000 | 3132.40 | 10022.00 | 2.20 | 22.00 | 19.80 | COMPLETED | 2.0

# ======================== CROSS-CHAIN ARBITRAGE TRADES ========================

2026-01-15 00:03:00.123 | TRD-019-2026 | CROSS_CHAIN | UNISWAP_ETH | PANCAKESWAP_BSC | USDC-BUSD | BUY | 10000.000000 | 1.0012 | 10012.00 | 12.00 | 123.00 | 111.00 | COMPLETED | 45.0
2026-01-15 00:03:45.456 | TRD-019-2026 | CROSS_CHAIN | UNISWAP_ETH | PANCAKESWAP_BSC | USDC-BUSD | SELL | 10123.000000 | 0.9878 | 9999.50 | 12.00 | 123.00 | 111.00 | COMPLETED | 45.0
2026-01-15 00:04:00.789 | TRD-020-2026 | CROSS_CHAIN | ARBITRUM | OPTIMISM | ETH-WETH | BUY | 10.000000 | 3124.50 | 31245.00 | 4.00 | 231.21 | 227.21 | COMPLETED | 60.0
2026-01-15 00:05:00.123 | TRD-020-2026 | CROSS_CHAIN | ARBITRUM | OPTIMISM | ETH-WETH | SELL | 10.080000 | 3124.50 | 31494.96 | 4.00 | 231.21 | 227.21 | COMPLETED | 60.0
2026-01-15 00:05:15.456 | TRD-021-2026 | CROSS_CHAIN | POLYGON | ETHEREUM | DAI-USDC | BUY | 10000.000000 | 1.0015 | 10015.00 | 8.00 | 145.00 | 137.00 | COMPLETED | 55.0
2026-01-15 00:06:10.789 | TRD-021-2026 | CROSS_CHAIN | POLYGON | ETHEREUM | DAI-USDC | SELL | 10145.000000 | 0.9870 | 10013.12 | 8.00 | 145.00 | 137.00 | COMPLETED | 55.0
2026-01-15 00:06:30.123 | TRD-022-2026 | CROSS_CHAIN | BSC | ARBITRUM | BUSD-USDC | BUY | 10000.000000 | 0.9995 | 9995.00 | 0.80 | 91.15 | 90.35 | COMPLETED | 40.0
2026-01-15 00:07:10.456 | TRD-022-2026 | CROSS_CHAIN | BSC | ARBITRUM | BUSD-USDC | SELL | 10092.000000 | 0.9905 | 9996.13 | 0.80 | 91.15 | 90.35 | COMPLETED | 40.0

# ======================== DEX ARBITRAGE TRADES ========================

2026-01-15 00:08:00.123 | TRD-023-2026 | DEX_DEX | UNISWAP | CURVE | USDC-USDT | BUY | 10000.000000 | 0.9950 | 9950.00 | 20.00 | 67.00 | 47.00 | COMPLETED | 3.5
2026-01-15 00:08:03.678 | TRD-023-2026 | DEX_DEX | UNISWAP | CURVE | USDC-USDT | SELL | 10067.000000 | 1.0017 | 10084.00 | 20.00 | 67.00 | 47.00 | COMPLETED | 3.5
2026-01-15 00:08:05.789 | TRD-024-2026 | DEX_DEX | CURVE | PANCAKESWAP | BUSD-USDC | BUY | 5000.000000 | 1.0020 | 5010.00 | 2.50 | 27.00 | 24.50 | COMPLETED | 2.8
2026-01-15 00:08:08.901 | TRD-024-2026 | DEX_DEX | CURVE | PANCAKESWAP | BUSD-USDC | SELL | 5027.000000 | 1.0074 | 5064.20 | 2.50 | 27.00 | 24.50 | COMPLETED | 2.8
2026-01-15 00:08:12.345 | TRD-025-2026 | DEX_DEX | UNISWAP | SUSHISWAP | WBTC-WETH | BUY | 0.100000 | 1.5000 | 0.1500 | 0.0008 | 0.00042 | 0.00038 | COMPLETED | 4.2
2026-01-15 00:08:16.789 | TRD-025-2026 | DEX_DEX | UNISWAP | SUSHISWAP | WBTC-WETH | SELL | 0.100570 | 1.5057 | 0.1514 | 0.0008 | 0.00042 | 0.00038 | COMPLETED | 4.2
2026-01-15 00:08:20.123 | TRD-026-2026 | DEX_DEX | 1INCH | BALANCER | DAI-USDC | BUY | 10000.000000 | 0.9955 | 9955.00 | 16.00 | 43.00 | 27.00 | COMPLETED | 3.0
2026-01-15 00:08:23.456 | TRD-026-2026 | DEX_DEX | 1INCH | BALANCER | DAI-USDC | SELL | 10043.000000 | 0.9998 | 10040.99 | 16.00 | 43.00 | 27.00 | COMPLETED | 3.0
2026-01-15 00:08:25.678 | TRD-027-2026 | DEX_DEX | UNISWAP | CURVE | USDC-USDT | BUY | 20000.000000 | 0.9948 | 19896.00 | 24.00 | 142.00 | 118.00 | COMPLETED | 3.8
2026-01-15 00:08:29.789 | TRD-027-2026 | DEX_DEX | UNISWAP | CURVE | USDC-USDT | SELL | 20142.000000 | 1.0018 | 20178.26 | 24.00 | 142.00 | 118.00 | COMPLETED | 3.8

# ======================== FUNDING RATE ARBITRAGE TRADES ========================

2026-01-15 00:09:00.123 | TRD-028-2026 | FUNDING_RATE | BYBIT | BINANCE | BTC-USDT | BUY | 0.500000 | 95682.30 | 47841.15 | 14.35 | 7.50 | -6.85 | COMPLETED | 0.5
2026-01-15 00:09:00.456 | TRD-028-2026 | FUNDING_RATE | BYBIT | BINANCE | BTC-USDT | SELL | 0.500000 | 95682.30 | 47841.15 | 14.35 | 7.50 | -6.85 | COMPLETED | 0.5
2026-01-15 00:10:00.123 | TRD-029-2026 | FUNDING_RATE | GATEIO | OKX | ETH-USDT | BUY | 2.000000 | 3130.50 | 6261.00 | 3.13 | 11.50 | 8.37 | COMPLETED | 0.4
2026-01-15 00:10:00.456 | TRD-029-2026 | FUNDING_RATE | GATEIO | OKX | ETH-USDT | SELL | 2.000000 | 3130.50 | 6261.00 | 3.13 | 11.50 | 8.37 | COMPLETED | 0.4
2026-01-15 00:11:00.123 | TRD-030-2026 | FUNDING_RATE | BINANCE | BYBIT | SOL-USDT | BUY | 100.000000 | 98.45 | 9845.00 | 4.92 | 15.50 | 10.58 | COMPLETED | 0.3
2026-01-15 00:11:00.456 | TRD-030-2026 | FUNDING_RATE | BINANCE | BYBIT | SOL-USDT | SELL | 100.000000 | 98.45 | 9845.00 | 4.92 | 15.50 | 10.58 | COMPLETED | 0.3
2026-01-15 00:12:00.123 | TRD-031-2026 | FUNDING_RATE | KRAKEN | GATEIO | AVAX-USDT | BUY | 150.000000 | 34.18 | 5127.00 | 2.56 | 7.60 | 5.04 | COMPLETED | 0.4
2026-01-15 00:12:00.456 | TRD-031-2026 | FUNDING_RATE | KRAKEN | GATEIO | AVAX-USDT | SELL | 150.000000 | 34.18 | 5127.00 | 2.56 | 7.60 | 5.04 | COMPLETED | 0.4
2026-01-15 00:13:00.123 | TRD-032-2026 | FUNDING_RATE | BINANCE | OKX | MATIC-USDT | BUY | 500.000000 | 0.7920 | 396.00 | 0.20 | 13.50 | 13.30 | COMPLETED | 0.3
2026-01-15 00:13:00.456 | TRD-032-2026 | FUNDING_RATE | BINANCE | OKX | MATIC-USDT | SELL | 500.000000 | 0.7920 | 396.00 | 0.20 | 13.50 | 13.30 | COMPLETED | 0.3

# ======================== PARTIALLY FILLED TRADES ========================

2026-01-15 00:14:00.123 | TRD-033-2026 | CEX_CEX | BINANCE | GATEIO | LINK-USDT | BUY | 800.000000 | 14.56 | 11648.00 | 5.82 | 0.00 | -5.82 | PARTIAL | 2.5
2026-01-15 00:14:02.678 | TRD-033-2026 | CEX_CEX | BINANCE | GATEIO | LINK-USDT | BUY | 350.000000 | 14.56 | 5096.00 | 2.55 | 0.00 | -2.55 | PARTIAL | 2.5
2026-01-15 00:14:05.123 | TRD-033-2026 | CEX_CEX | BINANCE | GATEIO | LINK-USDT | SELL | 350.000000 | 14.60 | 5110.00 | 2.55 | 14.00 | 11.45 | COMPLETED | 2.5
2026-01-15 00:15:00.123 | TRD-034-2026 | CEX_CEX | BYBIT | COINBASE | LTC-USDT | BUY | 300.000000 | 68.45 | 20535.00 | 10.27 | 0.00 | -10.27 | PARTIAL | 3.0
2026-01-15 00:15:03.456 | TRD-034-2026 | CEX_CEX | BYBIT | COINBASE | LTC-USDT | BUY | 150.000000 | 68.45 | 10267.50 | 5.13 | 0.00 | -5.13 | PARTIAL | 3.0
2026-01-15 00:15:06.789 | TRD-034-2026 | CEX_CEX | BYBIT | COINBASE | LTC-USDT | SELL | 150.000000 | 68.71 | 10306.50 | 5.13 | 39.00 | 33.87 | COMPLETED | 3.0

# ======================== FAILED TRADES ========================

2026-01-15 00:16:00.123 | TRD-035-2026 | CEX_CEX | BINANCE | KUCOIN | SOL-USDT | BUY | 500.000000 | 98.45 | 49225.00 | 24.61 | 0.00 | -24.61 | FAILED | 0.0
2026-01-15 00:16:00.456 | TRD-035-2026 | CEX_CEX | BINANCE | KUCOIN | SOL-USDT | SELL | 500.000000 | 98.45 | 49225.00 | 24.61 | 0.00 | -24.61 | FAILED | 0.0
2026-01-15 00:16:00.789 | ERROR | TRD-035-2026 | CEX_CEX | BINANCE | KUCOIN | SOL-USDT | FAILED | Reason: Slippage exceeded 0.5% | Expected: 99.31 | Actual: 98.65 | Difference: 0.66
2026-01-15 00:17:00.123 | TRD-036-2026 | CEX_CEX | OKX | GATEIO | VET-USDT | BUY | 100000.000000 | 0.0234 | 2340.00 | 1.17 | 0.00 | -1.17 | FAILED | 0.0
2026-01-15 00:17:00.456 | TRD-036-2026 | CEX_CEX | OKX | GATEIO | VET-USDT | SELL | 100000.000000 | 0.0234 | 2340.00 | 1.17 | 0.00 | -1.17 | FAILED | 0.0
2026-01-15 00:17:00.789 | ERROR | TRD-036-2026 | CEX_CEX | OKX | GATEIO | VET-USDT | FAILED | Reason: Market moved against position | Profit threshold not met | Threshold: 0.25%

# ======================== CANCELLED TRADES ========================

2026-01-15 00:18:00.123 | TRD-037-2026 | CEX_CEX | BINANCE | BYBIT | BTC-USDT | BUY | 10.000000 | 95672.50 | 956725.00 | 95.67 | 0.00 | -95.67 | CANCELLED | 0.0
2026-01-15 00:18:00.456 | ERROR | TRD-037-2026 | CEX_CEX | BINANCE | BYBIT | BTC-USDT | CANCELLED | Reason: Order size exceeds max position limit | Max: 5.0 BTC | Attempted: 10.0 BTC
2026-01-15 00:19:00.123 | TRD-038-2026 | CEX_CEX | KRAKEN | OKX | ATOM-USDT | BUY | 800.000000 | 8.92 | 7136.00 | 3.57 | 0.00 | -3.57 | CANCELLED | 0.0
2026-01-15 00:19:00.456 | ERROR | TRD-038-2026 | CEX_CEX | KRAKEN | OKX | ATOM-USDT | CANCELLED | Reason: Exchange API timeout | Timeout: 5s | Order placed but no confirmation received

# ======================== DAILY TRADE SUMMARY ========================

2026-01-15 00:20:00.123 | SUMMARY | DAILY | TOTAL_TRADES | 38 | count | Total Trades: 38 | Completed: 32 | Partial: 2 | Failed: 2 | Cancelled: 2 | Success Rate: 84.2%
2026-01-15 00:20:00.456 | SUMMARY | DAILY | TOTAL_VOLUME | 513,456.78 | USDT | Total Buy Volume: 256,728.39 | Total Sell Volume: 256,728.39 | Average Trade Size: 13,512.02 USDT
2026-01-15 00:20:00.789 | SUMMARY | DAILY | TOTAL_PROFIT | 107,367.50 | USDT | Gross Profit: 128,475.00 | Fees: 12,342.50 | Gas: 8,765.00 | Net Profit: 107,367.50
2026-01-15 00:20:01.012 | SUMMARY | DAILY | BEST_TRADE | TRD-010-2026 | USDT | Best Trade: TRD-010-2026 | Profit: 149.02 USDT | Strategy: CEX_CEX | Pair: BNB-USDT
2026-01-15 00:20:01.234 | SUMMARY | DAILY | WORST_TRADE | TRD-028-2026 | USDT | Worst Trade: TRD-028-2026 | Loss: -6.85 USDT | Strategy: FUNDING_RATE | Pair: BTC-USDT
2026-01-15 00:20:01.456 | SUMMARY | DAILY | AVG_PROFIT | 49.05 | USDT | Average Profit: 49.05 USDT | Median: 31.92 USDT | StdDev: 42.34 USDT | Win Rate: 84.2%

# ======================== WEEKLY TRADE SUMMARY ========================

2026-01-15 00:21:00.123 | SUMMARY | WEEKLY | TOTAL_TRADES | 256 | count | Weekly Total: 256 | Completed: 218 | Partial: 15 | Failed: 12 | Cancelled: 11 | Success Rate: 85.2%
2026-01-15 00:21:00.456 | SUMMARY | WEEKLY | TOTAL_VOLUME | 3,589,234.56 | USDT | Weekly Volume: 3,589,234.56 USDT | Average Trade Size: 14,020.45 USDT
2026-01-15 00:21:00.789 | SUMMARY | WEEKLY | TOTAL_PROFIT | 751,572.50 | USDT | Gross Profit: 899,234.00 | Fees: 86,458.50 | Gas: 61,203.00 | Net Profit: 751,572.50
2026-01-15 00:21:01.012 | SUMMARY | WEEKLY | WIN_RATE | 85.2 | % | Win Rate: 85.2% | Loss Rate: 14.8% | Avg Win: 62.34 USDT | Avg Loss: -45.67 USDT
2026-01-15 00:21:01.234 | SUMMARY | WEEKLY | TOP_STRATEGY | CEX_CEX | % | Top Strategy: CEX_CEX | 78.5% of total profit | 73.5% of total trades
2026-01-15 00:21:01.456 | SUMMARY | WEEKLY | TOP_PAIR | BTC-USDT | % | Top Pair: BTC-USDT | 42.5% of total profit | 34.2% of total trades

# ======================== MONTHLY TRADE SUMMARY ========================

2026-01-15 00:22:00.123 | SUMMARY | MONTHLY | TOTAL_TRADES | 1,234 | count | Monthly Total: 1,234 | Completed: 1,045 | Partial: 67 | Failed: 56 | Cancelled: 66 | Success Rate: 84.7%
2026-01-15 00:22:00.456 | SUMMARY | MONTHLY | TOTAL_VOLUME | 15,234,567.89 | USDT | Monthly Volume: 15,234,567.89 USDT | Average Trade Size: 12,345.67 USDT
2026-01-15 00:22:00.789 | SUMMARY | MONTHLY | TOTAL_PROFIT | 3,456,789.00 | USDT | Gross Profit: 4,123,456.00 | Fees: 400,000.50 | Gas: 266,666.50 | Net Profit: 3,456,789.00
2026-01-15 00:22:01.012 | SUMMARY | MONTHLY | WIN_RATE | 84.7 | % | Win Rate: 84.7% | Loss Rate: 15.3% | Avg Win: 56.78 USDT | Avg Loss: -42.34 USDT
2026-01-15 00:22:01.234 | SUMMARY | MONTHLY | SHARPE_RATIO | 2.45 | ratio | Sharpe Ratio: 2.45 | Calmar Ratio: 7.12 | Sortino Ratio: 3.12
2026-01-15 00:22:01.456 | SUMMARY | MONTHLY | MAX_DRAWDOWN | 3.2 | % | Max Drawdown: 3.2% | Current Drawdown: 1.2% | Recovery Time: 2.5 days
2026-01-15 00:22:01.678 | SUMMARY | MONTHLY | PROFIT_FACTOR | 2.45 | ratio | Profit Factor: 2.45 | Recovery Factor: 8.43

# ======================== STRATEGY PERFORMANCE SUMMARY ========================

2026-01-15 00:23:00.123 | SUMMARY | STRATEGY | CEX_CEX | 78,901.20 | USDT | Trades: 1,234 | Win Rate: 85.2% | Avg Profit: 63.95 USDT | Total Profit: 78,901.20 USDT
2026-01-15 00:23:00.456 | SUMMARY | STRATEGY | DEX_DEX | 12,345.60 | USDT | Trades: 456 | Win Rate: 78.5% | Avg Profit: 27.07 USDT | Total Profit: 12,345.60 USDT
2026-01-15 00:23:00.789 | SUMMARY | STRATEGY | CROSS_CHAIN | 8,901.20 | USDT | Trades: 123 | Win Rate: 82.1% | Avg Profit: 72.37 USDT | Total Profit: 8,901.20 USDT
2026-01-15 00:23:01.012 | SUMMARY | STRATEGY | TRIANGULAR | 5,678.90 | USDT | Trades: 234 | Win Rate: 76.5% | Avg Profit: 24.27 USDT | Total Profit: 5,678.90 USDT
2026-01-15 00:23:01.234 | SUMMARY | STRATEGY | FUNDING_RATE | 1,540.60 | USDT | Trades: 142 | Win Rate: 88.7% | Avg Profit: 10.85 USDT | Total Profit: 1,540.60 USDT

# ======================== EXCHANGE PERFORMANCE SUMMARY ========================

2026-01-15 00:24:00.123 | SUMMARY | EXCHANGE | BINANCE | 34,567.80 | USDT | Orders: 523 | Success Rate: 98.2% | Avg Time: 1.2s | Total Profit: 34,567.80 USDT
2026-01-15 00:24:00.456 | SUMMARY | EXCHANGE | BYBIT | 28,901.50 | USDT | Orders: 456 | Success Rate: 98.5% | Avg Time: 0.9s | Total Profit: 28,901.50 USDT
2026-01-15 00:24:00.789 | SUMMARY | EXCHANGE | COINBASE | 23,408.00 | USDT | Orders: 345 | Success Rate: 97.8% | Avg Time: 1.4s | Total Profit: 23,408.00 USDT
2026-01-15 00:24:01.012 | SUMMARY | EXCHANGE | KRAKEN | 21,234.50 | USDT | Orders: 289 | Success Rate: 98.9% | Avg Time: 1.1s | Total Profit: 21,234.50 USDT
2026-01-15 00:24:01.234 | SUMMARY | EXCHANGE | OKX | 15,678.90 | USDT | Orders: 234 | Success Rate: 97.5% | Avg Time: 1.3s | Total Profit: 15,678.90 USDT
2026-01-15 00:24:01.456 | SUMMARY | EXCHANGE | GATEIO | 12,345.60 | USDT | Orders: 178 | Success Rate: 96.8% | Avg Time: 1.5s | Total Profit: 12,345.60 USDT
2026-01-15 00:24:01.678 | SUMMARY | EXCHANGE | HUOBI | 8,901.20 | USDT | Orders: 123 | Success Rate: 97.2% | Avg Time: 1.6s | Total Profit: 8,901.20 USDT
2026-01-15 00:24:01.890 | SUMMARY | EXCHANGE | BITGET | 3,456.50 | USDT | Orders: 41 | Success Rate: 98.3% | Avg Time: 1.2s | Total Profit: 3,456.50 USDT

# ======================== TRADE QUALITY METRICS ========================

2026-01-15 00:25:00.123 | METRIC | QUALITY | EXECUTION_QUALITY | 98.5 | % | Fill Quality: 98.5% | Partial Fills: 2 | Total Trades: 38 | Avg Fill Rate: 98.5%
2026-01-15 00:25:00.456 | METRIC | QUALITY | SLIPPAGE | 0.03 | % | Avg Slippage: 0.03% | Min: 0.00% | Max: 0.12% | Positive: 89.2% | Negative: 10.8%
2026-01-15 00:25:00.789 | METRIC | QUALITY | TIMING | 1.2 | s | Avg Execution Time: 1.2s | Min: 0.3s | Max: 3.8s | P95: 2.3s | P99: 3.1s
2026-01-15 00:25:01.012 | METRIC | QUALITY | CONCURRENCY | 12 | count | Concurrent Trades: 12 | Peak: 23 | Avg: 8 | Collisions: 0 | Conflicts: 0
2026-01-15 00:25:01.234 | METRIC | QUALITY | ERROR_RATE | 1.8 | % | Error Rate: 1.8% | Success Rate: 98.2% | Timeouts: 0.5% | Rejections: 0.8% | Other: 0.5%

# ======================== END OF TRADES LOG ========================

2026-01-15 23:59:59.999 | INFO | LOG_ROTATION | Daily log rotation initiated | File: trades-2026-01-15.log | Size: 12.3 MB | Lines: 89,012 | Archive: S3://nexus-arbitrage/logs/trades-2026-01-15.log.gz
2026-01-15 23:59:59.999 | INFO | NEW_LOG_FILE | Starting new log file: trades-2026-01-16.log | Retention: 30 days | Max Size: 50 MB | Rotation: Daily at 00:00 UTC

# ========================================================================================
# LOG ROTATION POLICY:
# - Frequency: Daily at 00:00 UTC
# - Retention: 30 days
# - Max Size: 50 MB per file
# - Compression: gzip after 7 days
# - Archive: S3://nexus-arbitrage/logs/trades-YYYY-MM-DD.log.gz
# - Cleanup: Delete files older than 30 days
# - Audit: Compliance logs retained for 7 years
# ========================================================================================
