# NEXUS HEDGE BOT - ERROR LOG
# Copyright © 2026 NEXUS QUANTUM LTD - All Rights Reserved
# CEO: Dr X... - Majority Shareholder
# 
# This log contains all error-level events from the Hedge Bot operations.
# Format: [TIMESTAMP] | ERROR | MODULE | Error Message | Details

[2026-01-01 00:10:00.456] | ERROR | trading.bots.hedge_bot.brokers.binance | API error: Rate limit exceeded (429) | {"endpoint": "/api/v3/order", "retry_after": 5, "limit": 1200, "used": 1200}

[2026-01-01 00:10:00.789] | ERROR | trading.bots.hedge_bot.core.hedge_engine | Broker connection failure - retrying in 5s | {"broker": "Binance", "error": "Rate limit exceeded", "attempt": 3, "max_retries": 5}

[2026-01-01 00:15:23.456] | ERROR | trading.bots.hedge_bot.brokers.bybit | WebSocket connection lost | {"reason": "ping timeout", "reconnecting": true, "reconnect_attempt": 2}

[2026-01-01 00:15:23.789] | ERROR | trading.bots.hedge_bot.core.hedge_engine | Market data feed interrupted | {"symbol": "SOL/USDT", "last_update": "2026-01-01T00:15:20.123Z", "lag_seconds": 3}

[2026-01-01 00:45:12.345] | ERROR | trading.bots.hedge_bot.core.position_sizer | Position size calculation failed | {"strategy": "delta_hedge", "symbol": "BTC", "error": "Invalid volatility input", "volatility": -0.05}

[2026-01-01 01:30:45.678] | ERROR | trading.bots.hedge_bot.strategies.option_hedge | Options pricing model error | {"model": "Black-Scholes", "symbol": "ETH", "error": "Negative variance", "input": {"spot": 2845.67, "strike": 2900.00, "time": 0.25, "vol": -0.15}}

[2026-01-01 02:15:33.901] | ERROR | trading.bots.hedge_bot.brokers.kraken | Order placement failed | {"order_id": "ORD-20260101-021533-001", "symbol": "AVAX/USDT", "side": "BUY", "size": 100, "error": "Insufficient balance", "balance": 4230.00, "required": 4500.00}

[2026-01-01 03:00:00.456] | ERROR | trading.bots.hedge_bot.core.risk_calculator | Risk limit exceeded | {"symbol": "BTC", "current_exposure": 0.25, "max_allowed": 0.20, "action": "position_adjustment"}

[2026-01-01 03:45:22.111] | ERROR | trading.bots.hedge_bot.database | Database connection timeout | {"host": "postgres.nexusquantum.internal", "port": 5432, "database": "nexus_trading", "timeout_seconds": 30}

[2026-01-01 04:00:00.456] | ERROR | trading.bots.hedge_bot.monitoring | Health check failed - API latency | {"service": "market_data", "latency_ms": 856, "threshold_ms": 500, "status": "DEGRADED"}

[2026-01-01 04:15:00.123] | ERROR | trading.bots.hedge_bot.brokers | Primary market data provider unavailable | {"provider": "Binance WebSocket", "fallback": "Kraken WebSocket", "connection_attempt": 4}

[2026-01-01 05:30:15.678] | ERROR | trading.bots.hedge_bot.strategies.beta_hedge | Beta calculation failed | {"symbol": "SOL", "benchmark": "BTC", "error": "Insufficient data points", "data_points": 15, "min_required": 30}

[2026-01-01 06:00:00.123] | ERROR | trading.bots.hedge_bot.reporting | Report generation failed | {"report_type": "daily", "error": "Disk full", "available_space": 1024, "required_space": 2048}

[2026-01-01 06:30:45.234] | ERROR | trading.bots.hedge_bot.execution_engine | Order execution timed out | {"order_id": "ORD-20260101-063045-002", "symbol": "DOT/USDT", "timeout_seconds": 10, "status": "pending"}

[2026-01-01 07:15:33.567] | ERROR | trading.bots.hedge_bot.brokers.binance | Invalid API credentials | {"api_key": "***1234", "error": "Signature verification failed", "timestamp": "2026-01-01T07:15:33.456Z"}

[2026-01-01 08:00:12.345] | ERROR | trading.bots.hedge_bot.core.portfolio_optimizer | Portfolio optimization failed | {"algorithm": "Markowitz", "assets": 12, "error": "Covariance matrix not positive definite", "condition_number": 1.5e8}

[2026-01-01 08:45:22.678] | ERROR | trading.bots.hedge_bot.strategies.volatility_hedge | VIX data fetch failed | {"source": "CBOE", "symbol": "VIX", "error": "Connection refused", "attempt": 3}

[2026-01-01 09:30:11.789] | ERROR | trading.bots.hedge_bot.core.hedge_engine | Hedge execution failed | {"hedge_id": "HEDGE-20260101-093011", "strategy": "correlation_hedge", "error": "Inconsistent market state", "state": {"btc": 42350.12, "eth": 2845.67, "sol": 98.45}}

[2026-01-01 10:00:00.456] | ERROR | trading.bots.hedge_bot.alerts | Alert delivery failed | {"channel": "Slack", "webhook": "https://hooks.slack.com/...", "error": "Timeout", "retry_count": 3}

[2026-01-01 10:30:45.123] | ERROR | trading.bots.hedge_bot.brokers.bybit | Order cancellation failed | {"order_id": "ORD-20260101-103045-003", "symbol": "ETH/USDT", "error": "Order already filled", "filled_size": 1.5, "total_size": 2.0}

[2026-01-01 11:15:33.456] | ERROR | trading.bots.hedge_bot.cache | Redis cache connection lost | {"host": "redis.nexusquantum.internal", "port": 6379, "error": "Connection reset by peer"}

[2026-01-01 12:00:00.123] | ERROR | trading.bots.hedge_bot.strategies.arbitrage_hedge | Arbitrage opportunity detection failed | {"pair": "BTC/USDT", "exchanges": ["Binance", "Bybit", "Kraken"], "error": "Price data mismatch", "prices": {"Binance": 42350.12, "Bybit": 42352.34, "Kraken": 42348.90}}

[2026-01-01 12:45:22.789] | ERROR | trading.bots.hedge_bot.core.position_manager | Position update failed | {"position_id": "POS-BTC-20260101", "symbol": "BTC", "error": "Invalid position size", "current_size": -0.05, "expected_size": 0.98}

[2026-01-01 13:30:11.234] | ERROR | trading.bots.hedge_bot.brokers.kraken | Account balance fetch failed | {"account_id": "KRA-12345", "error": "API rate limit exceeded", "retry_after": 15}

[2026-01-01 14:15:33.567] | ERROR | trading.bots.hedge_bot.strategies.gamma_hedge | Gamma calculation failed | {"symbol": "ETH", "options_chain": "ETH-20260115-3000-C", "error": "Invalid implied volatility", "implied_vol": -0.20}

[2026-01-01 15:00:00.456] | ERROR | trading.bots.hedge_bot.core.risk_calculator | VaR calculation failed | {"method": "Historical", "window_days": 30, "error": "Insufficient historical data", "available_days": 12}

[2026-01-01 15:45:22.789] | ERROR | trading.bots.hedge_bot.execution_engine | Slippage exceeded maximum | {"order_id": "ORD-20260101-154522-004", "symbol": "SOL/USDT", "expected_price": 98.45, "executed_price": 98.12, "slippage": 0.33, "max_allowed": 0.25}

[2026-01-01 16:30:11.234] | ERROR | trading.bots.hedge_bot.brokers.binance | Order status update failed | {"order_id": "ORD-20260101-163011-005", "symbol": "AVAX/USDT", "error": "Order not found", "status": "unknown"}

[2026-01-01 17:15:33.567] | ERROR | trading.bots.hedge_bot.strategies.delta_hedge | Delta rebalancing failed | {"symbol": "BTC", "target_delta": 0.75, "current_delta": 0.85, "error": "Insufficient liquidity", "available_liquidity": 0.50}

[2026-01-01 18:00:00.123] | ERROR | trading.bots.hedge_bot.monitoring | System health check failed | {"component": "websocket", "error": "Connection refused", "port": 8765, "status": "CRITICAL"}

[2026-01-01 18:45:22.789] | ERROR | trading.bots.hedge_bot.brokers.bybit | Position liquidation risk | {"symbol": "ETH/USDT", "liquidation_price": 2500.00, "current_price": 2845.67, "maintenance_margin": 0.05, "current_margin": 0.08}

[2026-01-01 19:30:11.234] | ERROR | trading.bots.hedge_bot.core.portfolio_optimizer | Rebalancing trade rejected | {"symbol": "DOT/USDT", "side": "SELL", "size": 150, "error": "Minimum trade size not met", "min_size": 200}

[2026-01-01 20:15:33.567] | ERROR | trading.bots.hedge_bot.alerts | Alert notification failed | {"channel": "Email", "recipient": "support@nexustradingia.com", "error": "SMTP connection timeout", "attempt": 3}

[2026-01-01 21:00:00.456] | ERROR | trading.bots.hedge_bot.strategies.statistical_hedge | Cointegration test failed | {"symbols": ["BTC", "ETH", "SOL"], "p_value": 0.15, "threshold": 0.05, "error": "No cointegrating relationship"}

[2026-01-01 21:45:22.789] | ERROR | trading.bots.hedge_bot.brokers | Broker health check failed | {"broker": "Kraken", "endpoint": "/api/v3/status", "error": "500 Internal Server Error", "status_code": 500}

[2026-01-01 22:30:11.234] | ERROR | trading.bots.hedge_bot.core.hedge_engine | Hedge cycle interrupted | {"cycle_id": 234, "error": "Unhandled exception", "traceback": "File '/app/trading/bots/hedge_bot/core/hedge_engine.py', line 456, in execute_hedge\nKeyError: 'timestamp'"}

[2026-01-01 23:15:33.567] | ERROR | trading.bots.hedge_bot.execution_engine | Stop-loss execution failed | {"order_id": "ORD-20260101-231533-006", "symbol": "AVAX/USDT", "stop_price": 42.00, "current_price": 43.50, "error": "Stop price not reached"}

[2026-01-01 23:59:59.999] | ERROR | trading.bots.hedge_bot.shutdown | Graceful shutdown timeout | {"pending_orders": 3, "open_positions": 5, "timeout_seconds": 30, "force_kill": true}

# --- ERROR STATISTICS ---
# Total errors: 35
# Critical errors: 5
# Warning errors: 12
# Info errors: 18
# 
# Error by source:
# - Broker: 12
# - Core Engine: 8
# - Strategy: 7
# - Monitoring: 3
# - Execution: 3
# - Other: 2
# 
# Error by severity:
# - CRITICAL: 3
# - HIGH: 8
# - MEDIUM: 15
# - LOW: 9
# 
# Most frequent errors:
# 1. API rate limit exceeded (4 occurrences)
# 2. Connection timeout (3 occurrences)
# 3. Insufficient data (2 occurrences)
# 4. Invalid input (2 occurrences)
# 
# Error resolution status:
# - Resolved: 25
# - In progress: 7
# - Pending: 3
# 
# System uptime: 24h 0m 0s
# Error rate: 1.46 errors/hour
# 
# --- END OF ERROR LOG ---
