# NEXUS HEDGE BOT - MAIN HEDGE LOG
# Copyright © 2026 NEXUS QUANTUM LTD - All Rights Reserved
# CEO: Dr X... - Majority Shareholder
# 
# This log contains all hedge-related operations including strategy execution,
# position management, and hedge cycle information.
# Format: [TIMESTAMP] | LEVEL | MODULE | Message | Details

[2026-01-01 00:00:01.234] | INFO | hedge_bot.main | Starting HedgeBot v3.0.0 | {"pid": 12345, "host": "nexus-prod-01", "environment": "production"}

[2026-01-01 00:00:01.567] | INFO | hedge_bot.config | Loading configuration | {"config_path": "/etc/nexus/hedge_bot/config.yaml", "version": "3.0.0"}

[2026-01-01 00:00:01.890] | INFO | hedge_bot.config | Configuration loaded successfully | {"parameters": 234, "strategies": 12, "brokers": 3}

[2026-01-01 00:00:02.123] | INFO | hedge_bot.core.hedge_engine | Initializing hedge engine | {"version": "3.0.0", "mode": "production"}

[2026-01-01 00:00:02.456] | INFO | hedge_bot.core.portfolio_optimizer | Portfolio optimizer initialized | {"assets": 12, "optimization_method": "mean_variance"}

[2026-01-01 00:00:02.789] | INFO | hedge_bot.core.risk_calculator | Risk calculator configured | {"var_method": "historical", "var_confidence": 0.95, "cvar_confidence": 0.975}

[2026-01-01 00:00:03.012] | INFO | hedge_bot.core.position_sizer | Position sizing configured | {"method": "Kelly", "fraction": 0.25, "max_position_pct": 0.10}

[2026-01-01 00:00:03.345] | INFO | hedge_bot.brokers | Connecting to brokers | {"brokers": ["Binance", "Bybit", "Kraken"], "mode": "live"}

[2026-01-01 00:00:03.678] | INFO | hedge_bot.brokers.binance | Connected to Binance | {"api_key": "***1234", "endpoint": "api.binance.com", "status": "OK"}

[2026-01-01 00:00:03.901] | INFO | hedge_bot.brokers.bybit | Connected to Bybit | {"api_key": "***5678", "endpoint": "api.bybit.com", "status": "OK"}

[2026-01-01 00:00:04.234] | INFO | hedge_bot.brokers.kraken | Connected to Kraken | {"api_key": "***9012", "endpoint": "api.kraken.com", "status": "OK"}

[2026-01-01 00:00:04.567] | INFO | hedge_bot.market_data | Market data feed established | {"symbols": 45, "providers": ["Binance", "Bybit", "Kraken"]}

[2026-01-01 00:00:04.890] | INFO | hedge_bot.strategies | Loading hedging strategies | {"strategy_count": 12}

[2026-01-01 00:00:05.123] | INFO | hedge_bot.strategies.delta_hedge | Delta hedging strategy loaded | {"gamma": 0.75, "rebalance_threshold": 0.02}

[2026-01-01 00:00:05.456] | INFO | hedge_bot.strategies.beta_hedge | Beta hedging strategy loaded | {"beta": 1.20, "benchmark": "BTC"}

[2026-01-01 00:00:05.789] | INFO | hedge_bot.strategies.correlation_hedge | Correlation hedging strategy loaded | {"threshold": 0.70, "min_correlation": 0.50}

[2026-01-01 00:00:06.012] | INFO | hedge_bot.strategies.option_hedge | Option hedging strategy loaded | {"iv": 0.32, "delta_threshold": 0.05}

[2026-01-01 00:00:06.345] | INFO | hedge_bot.strategies.volatility_hedge | Volatility hedging strategy loaded | {"vix_threshold": 25.00, "vol_adjustment": 1.20}

[2026-01-01 00:00:06.678] | INFO | hedge_bot.monitoring | Monitoring system initialized | {"metrics": 45, "alerts": 12}

[2026-01-01 00:00:06.901] | INFO | hedge_bot.alerts | Alert manager configured | {"channels": ["Slack", "Email", "Telegram"], "severities": ["INFO", "WARNING", "ERROR", "CRITICAL"]}

[2026-01-01 00:00:07.234] | INFO | hedge_bot.main | HedgeBot startup complete | {"duration_seconds": 7.234, "status": "READY"}

[2026-01-01 00:01:00.123] | INFO | hedge_bot.core.hedge_engine | Starting hedge cycle #1 | {"timestamp": "2026-01-01T00:01:00.123Z", "market_open": true}

[2026-01-01 00:01:00.456] | INFO | hedge_bot.market_data | Fetching market data | {"symbols": ["BTC/USDT", "ETH/USDT", "SOL/USDT"], "timeframe": "1m"}

[2026-01-01 00:01:00.789] | INFO | hedge_bot.market_data | Market snapshot captured | {"BTC": 42350.12, "ETH": 2845.67, "SOL": 98.45, "timestamp": "2026-01-01T00:01:00.789Z"}

[2026-01-01 00:01:01.012] | INFO | hedge_bot.core.correlation_analyzer | Computing correlation matrix | {"assets": ["BTC", "ETH", "SOL", "AVAX", "DOT"]}

[2026-01-01 00:01:01.345] | INFO | hedge_bot.core.correlation_analyzer | Correlation matrix computed | {"BTC/ETH": 0.82, "BTC/SOL": 0.67, "ETH/SOL": 0.71, "timestamp": "2026-01-01T00:01:01.345Z"}

[2026-01-01 00:01:01.678] | INFO | hedge_bot.core.beta_calculator | Beta calculations performed | {"BTC": 0.95, "ETH": 1.15, "SOL": 1.45, "AVAX": 1.80, "DOT": 1.65}

[2026-01-01 00:01:01.901] | INFO | hedge_bot.core.volatility_analyzer | Volatility analysis complete | {"BTC": 32.50, "ETH": 42.10, "SOL": 67.80, "AVAX": 85.20, "DOT": 75.40}

[2026-01-01 00:01:02.234] | INFO | hedge_bot.core.hedge_engine | Hedge opportunities detected | {"count": 3, "types": ["delta", "gamma", "volatility"]}

[2026-01-01 00:01:02.567] | INFO | hedge_bot.core.hedge_engine | Executing hedge #1: Delta hedge BTC | {"size": 0.15, "direction": "SELL", "reason": "Delta exceeded threshold"}

[2026-01-01 00:01:02.890] | INFO | hedge_bot.brokers.binance | Placing order | {"order_type": "MARKET", "symbol": "BTC/USDT", "side": "SELL", "size": 0.15}

[2026-01-01 00:01:03.123] | INFO | hedge_bot.brokers.binance | Order executed | {"order_id": "ORD-20260101-000102-001", "symbol": "BTC/USDT", "filled": 0.15, "price": 42350.12, "status": "filled"}

[2026-01-01 00:01:03.456] | INFO | hedge_bot.core.hedge_engine | Hedge #1 completed | {"pnl": 12.45, "execution_time_ms": 889, "status": "SUCCESS"}

[2026-01-01 00:01:03.789] | INFO | hedge_bot.core.hedge_engine | Executing hedge #2: Gamma hedge ETH | {"size": 2.50, "direction": "BUY", "reason": "Gamma exposure limit reached"}

[2026-01-01 00:01:04.012] | INFO | hedge_bot.brokers.kraken | Placing order | {"order_type": "MARKET", "symbol": "ETH/USDT", "side": "BUY", "size": 2.50}

[2026-01-01 00:01:04.345] | INFO | hedge_bot.brokers.kraken | Order executed | {"order_id": "ORD-20260101-000103-002", "symbol": "ETH/USDT", "filled": 2.50, "price": 2845.67, "status": "filled"}

[2026-01-01 00:01:04.678] | INFO | hedge_bot.core.hedge_engine | Hedge #2 completed | {"pnl": -8.23, "execution_time_ms": 889, "status": "SUCCESS"}

[2026-01-01 00:01:04.901] | INFO | hedge_bot.core.hedge_engine | Executing hedge #3: Volatility hedge SOL | {"size": 50.00, "direction": "SELL", "reason": "VIX threshold exceeded"}

[2026-01-01 00:01:05.234] | INFO | hedge_bot.brokers.bybit | Placing order | {"order_type": "MARKET", "symbol": "SOL/USDT", "side": "SELL", "size": 50.00}

[2026-01-01 00:01:05.567] | INFO | hedge_bot.brokers.bybit | Order executed | {"order_id": "ORD-20260101-000105-003", "symbol": "SOL/USDT", "filled": 50.00, "price": 98.45, "status": "filled"}

[2026-01-01 00:01:05.890] | INFO | hedge_bot.core.hedge_engine | Hedge #3 completed | {"pnl": 34.67, "execution_time_ms": 989, "status": "SUCCESS"}

[2026-01-01 00:01:06.123] | INFO | hedge_bot.core.hedge_engine | Hedge cycle #1 completed | {"total_pnl": 38.89, "hedges_executed": 3, "success_rate": 100.00}

[2026-01-01 00:01:06.456] | INFO | hedge_bot.metrics | Cycle metrics updated | {"profit": 38.89, "trades": 3, "win_rate": 66.70, "timestamp": "2026-01-01T00:01:06.456Z"}

[2026-01-01 00:05:00.123] | INFO | hedge_bot.core.hedge_engine | Starting hedge cycle #2 | {"timestamp": "2026-01-01T00:05:00.123Z"}

[2026-01-01 00:05:00.456] | INFO | hedge_bot.market_data | Market snapshot updated | {"BTC": 42400.00, "ETH": 2860.00, "SOL": 99.20, "timestamp": "2026-01-01T00:05:00.456Z"}

[2026-01-01 00:05:00.789] | INFO | hedge_bot.core.hedge_engine | Hedge opportunities detected | {"count": 2, "types": ["delta", "correlation"]}

[2026-01-01 00:05:01.012] | WARNING | hedge_bot.core.risk_calculator | Position exceeds risk limit | {"symbol": "BTC", "current": 0.25, "limit": 0.20, "excess": 0.05}

[2026-01-01 00:05:01.345] | WARNING | hedge_bot.core.hedge_engine | Risk limit violation - adjusting position | {"symbol": "BTC", "original_size": 0.25, "adjusted_size": 0.18, "adjustment": -0.07}

[2026-01-01 00:05:01.678] | INFO | hedge_bot.core.hedge_engine | Adjusted hedge size | {"symbol": "BTC", "new_size": 0.18, "reason": "Risk limit enforcement"}

[2026-01-01 00:05:01.901] | INFO | hedge_bot.brokers.binance | Placing order | {"order_type": "MARKET", "symbol": "BTC/USDT", "side": "BUY", "size": 0.18}

[2026-01-01 00:05:02.234] | INFO | hedge_bot.brokers.binance | Order executed | {"order_id": "ORD-20260101-000501-004", "symbol": "BTC/USDT", "filled": 0.18, "price": 42400.00, "status": "filled"}

[2026-01-01 00:05:02.567] | INFO | hedge_bot.core.hedge_engine | Hedge cycle #2 completed | {"total_pnl": 18.90, "hedges_executed": 1, "success_rate": 100.00}

[2026-01-01 00:10:00.123] | INFO | hedge_bot.core.hedge_engine | Starting hedge cycle #3 | {"timestamp": "2026-01-01T00:10:00.123Z"}

[2026-01-01 00:10:00.456] | ERROR | hedge_bot.brokers.binance | API error: Rate limit exceeded | {"endpoint": "/api/v3/order", "retry_after": 5}

[2026-01-01 00:10:00.789] | ERROR | hedge_bot.core.hedge_engine | Broker connection failure - retrying | {"broker": "Binance", "attempt": 3, "max_retries": 5}

[2026-01-01 00:10:05.012] | INFO | hedge_bot.brokers.binance | Reconnected successfully | {"endpoint": "api.binance.com", "status": "OK"}

[2026-01-01 00:10:05.345] | INFO | hedge_bot.core.hedge_engine | Hedge cycle #3 resuming | {"delayed_seconds": 5, "status": "recovered"}

[2026-01-01 00:10:05.678] | INFO | hedge_bot.core.hedge_engine | Hedge cycle #3 completed | {"total_pnl": 22.45, "hedges_executed": 2, "success_rate": 100.00}

[2026-01-01 00:15:00.123] | INFO | hedge_bot.core.portfolio_optimizer | Running portfolio rebalancing | {"cycle": "hourly", "assets": 12}

[2026-01-01 00:15:00.456] | INFO | hedge_bot.core.portfolio_optimizer | Current allocation | {"BTC": 45.00, "ETH": 30.00, "SOL": 15.00, "USDT": 10.00}

[2026-01-01 00:15:00.789] | INFO | hedge_bot.core.portfolio_optimizer | Target allocation | {"BTC": 40.00, "ETH": 35.00, "SOL": 15.00, "USDT": 10.00}

[2026-01-01 00:15:01.012] | INFO | hedge_bot.core.portfolio_optimizer | Rebalancing trades identified | {"trades": [{"symbol": "BTC", "action": "SELL", "size": 0.02}, {"symbol": "ETH", "action": "BUY", "size": 0.15}]}

[2026-01-01 00:15:01.345] | INFO | hedge_bot.brokers.binance | Rebalancing executed | {"trades": 2, "status": "completed"}

[2026-01-01 00:15:01.678] | INFO | hedge_bot.core.portfolio_optimizer | Rebalancing complete | {"total_cost": 123.45, "slippage": 0.12}

[2026-01-01 00:20:00.123] | INFO | hedge_bot.core.hedge_engine | Starting hedge cycle #4 | {"timestamp": "2026-01-01T00:20:00.123Z"}

[2026-01-01 00:20:00.456] | INFO | hedge_bot.market_data | Market snapshot updated | {"BTC": 42412.34, "ETH": 2865.78, "SOL": 99.50, "timestamp": "2026-01-01T00:20:00.456Z"}

[2026-01-01 00:20:00.789] | INFO | hedge_bot.core.hedge_engine | No hedge opportunities detected | {"reason": "All metrics within tolerance"}

[2026-01-01 00:20:00.901] | INFO | hedge_bot.core.hedge_engine | Hedge cycle #4 completed | {"hedges_executed": 0, "status": "IDLE"}

[2026-01-01 00:25:00.123] | INFO | hedge_bot.core.hedge_engine | Starting hedge cycle #5 | {"timestamp": "2026-01-01T00:25:00.123Z"}

[2026-01-01 00:25:00.456] | INFO | hedge_bot.core.hedge_engine | Hedge opportunities detected | {"count": 1, "types": ["volatility"]}

[2026-01-01 00:25:00.789] | INFO | hedge_bot.core.hedge_engine | Executing hedge #1: Volatility hedge SOL | {"size": 25.00, "direction": "BUY", "reason": "VIX decreased"}

[2026-01-01 00:25:01.012] | INFO | hedge_bot.brokers.bybit | Placing order | {"order_type": "MARKET", "symbol": "SOL/USDT", "side": "BUY", "size": 25.00}

[2026-01-01 00:25:01.345] | INFO | hedge_bot.brokers.bybit | Order executed | {"order_id": "ORD-20260101-002501-005", "symbol": "SOL/USDT", "filled": 25.00, "price": 99.50, "status": "filled"}

[2026-01-01 00:25:01.678] | INFO | hedge_bot.core.hedge_engine | Hedge cycle #5 completed | {"total_pnl": 15.23, "hedges_executed": 1, "success_rate": 100.00}

[2026-01-01 00:30:00.123] | INFO | hedge_bot.core.hedge_engine | Hedge cycle #10 summary | {"cycles": 10, "total_trades": 28, "win_rate": 71.40}

[2026-01-01 00:30:00.456] | INFO | hedge_bot.core.hedge_engine | Performance summary | {"total_pnl": 234.56, "avg_trade_pnl": 8.38, "max_drawdown": -45.67}

[2026-01-01 00:30:00.789] | INFO | hedge_bot.core.hedge_engine | Risk-adjusted metrics | {"sharpe": 2.34, "calmar": 5.14, "sortino": 3.12}

[2026-01-01 01:00:00.123] | INFO | hedge_bot.main | Hourly health check | {"timestamp": "2026-01-01T01:00:00.123Z"}

[2026-01-01 01:00:00.456] | INFO | hedge_bot.health | System health: OK | {"status": "OPERATIONAL"}

[2026-01-01 01:00:00.789] | INFO | hedge_bot.health | CPU usage | {"cpu": 23.40, "threshold": 80.00}

[2026-01-01 01:00:01.012] | INFO | hedge_bot.health | Memory usage | {"used_gb": 1.20, "total_gb": 8.00, "percent": 15.00}

[2026-01-01 01:00:01.345] | INFO | hedge_bot.health | Active connections | {"connections": 7, "limit": 50}

[2026-01-01 01:00:01.678] | INFO | hedge_bot.health | Queue status | {"queue_size": 0, "limit": 1000}

[2026-01-01 01:00:01.901] | INFO | hedge_bot.health | API rate limit | {"used_percent": 67.00, "remaining": 396}

[2026-01-01 01:00:02.234] | INFO | hedge_bot.health | System uptime | {"uptime_hours": 1.00, "uptime_seconds": 3602}

[2026-01-01 02:00:00.123] | INFO | hedge_bot.main | Hourly health check | {"timestamp": "2026-01-01T02:00:00.123Z"}

[2026-01-01 02:00:00.456] | INFO | hedge_bot.health | System health: OK | {"status": "OPERATIONAL"}

[2026-01-01 02:00:00.789] | INFO | hedge_bot.health | CPU usage | {"cpu": 18.90, "threshold": 80.00}

[2026-01-01 02:00:01.012] | INFO | hedge_bot.health | Memory usage | {"used_gb": 1.10, "total_gb": 8.00, "percent": 13.75}

[2026-01-01 02:00:01.345] | INFO | hedge_bot.health | API rate limit | {"used_percent": 23.00, "remaining": 924}

[2026-01-01 03:00:00.123] | WARNING | hedge_bot.core.risk_calculator | Drawdown alert | {"current_drawdown": 8.50, "threshold": 5.00, "excess": 3.50}

[2026-01-01 03:00:00.456] | WARNING | hedge_bot.alerts | Sending drawdown alert | {"channels": ["Slack", "Email"], "severity": "WARNING"}

[2026-01-01 03:00:00.789] | INFO | hedge_bot.core.risk_calculator | Reducing position sizes | {"reduction": 50.00, "new_max_position": 0.05, "reason": "Drawdown threshold exceeded"}

[2026-01-01 03:30:00.123] | INFO | hedge_bot.core.risk_calculator | Drawdown recovered | {"current_drawdown": 4.20, "threshold": 5.00, "status": "RECOVERED"}

[2026-01-01 03:30:00.456] | INFO | hedge_bot.core.risk_calculator | Restoring normal position sizes | {"restored_to": 0.10, "reason": "Drawdown recovered"}

[2026-01-01 04:00:00.123] | INFO | hedge_bot.main | Hourly health check | {"timestamp": "2026-01-01T04:00:00.123Z"}

[2026-01-01 04:00:00.456] | INFO | hedge_bot.health | System health: DEGRADED | {"status": "DEGRADED", "reason": "High API latency"}

[2026-01-01 04:00:00.789] | WARNING | hedge_bot.health | API latency detected | {"latency_ms": 856, "threshold": 500, "excess": 356}

[2026-01-01 04:00:01.012] | WARNING | hedge_bot.health | Market data lag detected | {"lag_seconds": 2.30, "threshold": 1.00}

[2026-01-01 04:00:01.345] | INFO | hedge_bot.health | Recommendation | {"action": "Check network connectivity", "fallback": "Consider switching to backup provider"}

[2026-01-01 04:15:00.123] | INFO | hedge_bot.brokers | Switching to backup market data provider | {"primary": "Binance", "backup": "Kraken", "reason": "High latency"}

[2026-01-01 04:15:00.456] | INFO | hedge_bot.brokers | Connection to backup provider established | {"provider": "Kraken", "status": "OK"}

[2026-01-01 04:15:00.789] | INFO | hedge_bot.health | System health restored | {"status": "OPERATIONAL", "recovery_time_seconds": 15}

[2026-01-01 05:00:00.123] | INFO | hedge_bot.core.hedge_engine | Starting hedge cycle #15 | {"timestamp": "2026-01-01T05:00:00.123Z"}

[2026-01-01 05:00:00.456] | INFO | hedge_bot.market_data | Market snapshot from backup provider | {"BTC": 42380.00, "ETH": 2855.00, "SOL": 99.00}

[2026-01-01 05:00:00.789] | INFO | hedge_bot.core.hedge_engine | Hedge opportunities detected | {"count": 2, "types": ["beta", "correlation"]}

[2026-01-01 05:00:01.012] | INFO | hedge_bot.core.hedge_engine | Hedge cycle #15 completed | {"total_pnl": 45.67, "hedges_executed": 2, "success_rate": 100.00}

[2026-01-01 06:00:00.123] | INFO | hedge_bot.main | Daily summary report | {"timestamp": "2026-01-01T06:00:00.123Z"}

[2026-01-01 06:00:00.456] | INFO | hedge_bot.reporting | Daily report generated | {"report_id": "RPT-20260101-060000", "path": "/var/log/nexus/reports/daily_2026-01-01.html"}

[2026-01-01 06:00:00.789] | INFO | hedge_bot.reporting | Daily performance summary | {"total_pnl": 1234.56, "total_return": 2.34, "trades": 142, "win_rate": 68.30}

[2026-01-01 06:00:01.012] | INFO | hedge_bot.reporting | Daily risk summary | {"max_drawdown": 8.50, "var_95": 123.45, "sharpe": 2.45, "calmar": 2.89}

[2026-01-01 06:00:01.345] | INFO | hedge_bot.reporting | Portfolio summary | {"value": 52345.67, "allocations": {"BTC": 42.00, "ETH": 32.00, "SOL": 14.00}}

[2026-01-01 07:00:00.123] | INFO | hedge_bot.core.hedge_engine | Starting hedge cycle #20 | {"timestamp": "2026-01-01T07:00:00.123Z"}

[2026-01-01 07:00:00.456] | INFO | hedge_bot.market_data | Asian session detected | {"session": "ASIA", "volatility": "LOW", "liquidity": "MODERATE"}

[2026-01-01 07:00:00.789] | INFO | hedge_bot.core.hedge_engine | Session-specific adjustments | {"spread_mitigation": true, "order_size_reduction": 0.85}

[2026-01-01 07:00:01.012] | INFO | hedge_bot.core.hedge_engine | Hedge cycle #20 completed | {"total_pnl": 8.90, "hedges_executed": 1, "success_rate": 100.00}

[2026-01-01 08:00:00.123] | INFO | hedge_bot.core.hedge_engine | Starting hedge cycle #50 | {"timestamp": "2026-01-01T08:00:00.123Z"}

[2026-01-01 08:00:00.456] | INFO | hedge_bot.market_data | Market volatility: HIGH | {"vix": 28.50, "regime": "HIGH_VOLATILITY"}

[2026-01-01 08:00:00.789] | INFO | hedge_bot.core.hedge_engine | Adjusting hedge frequency | {"normal_interval": 60, "adjusted_interval": 30, "reason": "High volatility"}

[2026-01-01 08:00:01.012] | INFO | hedge_bot.core.hedge_engine | Hedge cycle #50 completed | {"total_pnl": 78.90, "hedges_executed": 4, "success_rate": 75.00}

[2026-01-01 09:00:00.123] | INFO | hedge_bot.core.hedge_engine | London session detected | {"session": "LONDON", "volatility": "HIGH", "liquidity": "HIGH"}

[2026-01-01 09:00:00.456] | INFO | hedge_bot.core.hedge_engine | Session-specific adjustments | {"spread_mitigation": false, "order_size_reduction": 1.00}

[2026-01-01 10:00:00.123] | INFO | hedge_bot.core.hedge_engine | New York session detected | {"session": "NEW_YORK", "volatility": "VERY_HIGH", "liquidity": "VERY_HIGH"}

[2026-01-01 10:00:00.456] | INFO | hedge_bot.core.hedge_engine | Session-specific adjustments | {"spread_mitigation": false, "order_size_increase": 1.25}

[2026-01-01 11:00:00.123] | INFO | hedge_bot.core.hedge_engine | Hedge cycle #75 completed | {"cumulative_pnl": 1567.89, "cycles": 75, "avg_pnl_per_cycle": 20.91}

[2026-01-01 12:00:00.123] | INFO | hedge_bot.main | Midday health check | {"timestamp": "2026-01-01T12:00:00.123Z"}

[2026-01-01 12:00:00.456] | INFO | hedge_bot.health | System health: OK | {"status": "OPERATIONAL"}

[2026-01-01 12:00:00.789] | INFO | hedge_bot.health | System uptime | {"uptime_hours": 12.00, "uptime_seconds": 43202}

[2026-01-01 12:00:01.012] | INFO | hedge_bot.health | Total PnL | {"total_pnl": 1567.89, "daily_change": 3.14}

[2026-01-01 13:00:00.123] | INFO | hedge_bot.core.hedge_engine | Starting hedge cycle #100 | {"timestamp": "2026-01-01T13:00:00.123Z"}

[2026-01-01 13:00:00.456] | INFO | hedge_bot.core.hedge_engine | Milestone: 100th hedge cycle | {"total_pnl": 1890.45, "avg_pnl_per_cycle": 18.90}

[2026-01-01 13:00:00.789] | INFO | hedge_bot.core.hedge_engine | Top performing strategies | {"delta_hedge": 45.60, "volatility_hedge": 32.10, "correlation_hedge": 22.30}

[2026-01-01 14:00:00.123] | INFO | hedge_bot.core.hedge_engine | Starting hedge cycle #110 | {"timestamp": "2026-01-01T14:00:00.123Z"}

[2026-01-01 14:00:00.456] | INFO | hedge_bot.market_data | Market event detected | {"event": "FOMC Minutes", "impact": "HIGH", "time": "2026-01-01T14:00:00Z"}

[2026-01-01 14:00:00.789] | INFO | hedge_bot.core.hedge_engine | Pre-event adjustments | {"reduce_exposure": true, "increase_hedges": true, "tighten_stops": true}

[2026-01-01 14:00:01.012] | INFO | hedge_bot.core.hedge_engine | Hedge cycle #110 completed | {"total_pnl": -23.45, "hedges_executed": 5, "success_rate": 60.00}

[2026-01-01 14:05:00.123] | INFO | hedge_bot.market_data | Market event concluded | {"event": "FOMC Minutes", "impact_actual": "MEDIUM"}

[2026-01-01 14:05:00.456] | INFO | hedge_bot.core.hedge_engine | Post-event adjustments | {"restore_exposure": true, "normalize_hedges": true}

[2026-01-01 15:00:00.123] | INFO | hedge_bot.core.hedge_engine | Starting hedge cycle #120 | {"timestamp": "2026-01-01T15:00:00.123Z"}

[2026-01-01 15:00:00.456] | INFO | hedge_bot.core.hedge_engine | Recovery mode active | {"recovering_from": -23.45, "target_recovery": 30.00}

[2026-01-01 15:00:00.789] | INFO | hedge_bot.core.hedge_engine | Hedge cycle #120 completed | {"total_pnl": 45.67, "recovered_pnl": 22.22}

[2026-01-01 16:00:00.123] | INFO | hedge_bot.core.hedge_engine | Starting hedge cycle #130 | {"timestamp": "2026-01-01T16:00:00.123Z"}

[2026-01-01 16:00:00.456] | INFO | hedge_bot.core.hedge_engine | Full recovery achieved | {"recovered_pnl": 30.00, "status": "RECOVERED"}

[2026-01-01 17:00:00.123] | INFO | hedge_bot.core.hedge_engine | Starting hedge cycle #140 | {"timestamp": "2026-01-01T17:00:00.123Z"}

[2026-01-01 18:00:00.123] | INFO | hedge_bot.main | Evening health check | {"timestamp": "2026-01-01T18:00:00.123Z"}

[2026-01-01 18:00:00.456] | INFO | hedge_bot.health | System health: OK | {"status": "OPERATIONAL"}

[2026-01-01 18:00:00.789] | INFO | hedge_bot.health | Total PnL | {"total_pnl": 2234.56, "daily_change": 4.47}

[2026-01-01 18:00:01.012] | INFO | hedge_bot.health | Total trades | {"trades": 287, "win_rate": 68.30}

[2026-01-01 19:00:00.123] | INFO | hedge_bot.core.hedge_engine | Starting hedge cycle #160 | {"timestamp": "2026-01-01T19:00:00.123Z"}

[2026-01-01 19:00:00.456] | INFO | hedge_bot.market_data | Market snapshot | {"BTC": 42450.00, "ETH": 2870.00, "SOL": 99.80, "timestamp": "2026-01-01T19:00:00.456Z"}

[2026-01-01 19:00:00.789] | INFO | hedge_bot.core.hedge_engine | Hedge opportunities detected | {"count": 3, "types": ["delta", "gamma", "volatility"]}

[2026-01-01 19:00:01.012] | INFO | hedge_bot.core.hedge_engine | Hedge cycle #160 completed | {"total_pnl": 56.78, "hedges_executed": 3, "success_rate": 100.00}

[2026-01-01 20:00:00.123] | INFO | hedge_bot.core.hedge_engine | Starting hedge cycle #170 | {"timestamp": "2026-01-01T20:00:00.123Z"}

[2026-01-01 20:00:00.456] | INFO | hedge_bot.market_data | Power hour detected | {"time": "20:00-21:00 UTC", "volatility": "HIGH"}

[2026-01-01 20:00:00.789] | INFO | hedge_bot.core.hedge_engine | Power hour adjustments | {"increase_frequency": true, "reduce_order_size": 0.75}

[2026-01-01 21:00:00.123] | INFO | hedge_bot.core.hedge_engine | Starting hedge cycle #180 | {"timestamp": "2026-01-01T21:00:00.123Z"}

[2026-01-01 21:00:00.456] | INFO | hedge_bot.market_data | Market snapshot | {"BTC": 42480.00, "ETH": 2880.00, "SOL": 100.20, "timestamp": "2026-01-01T21:00:00.456Z"}

[2026-01-01 21:00:00.789] | INFO | hedge_bot.core.hedge_engine | Hedge cycle #180 completed | {"total_pnl": 67.89, "hedges_executed": 2, "success_rate": 100.00}

[2026-01-01 22:00:00.123] | INFO | hedge_bot.core.hedge_engine | Starting hedge cycle #190 | {"timestamp": "2026-01-01T22:00:00.123Z"}

[2026-01-01 22:00:00.456] | INFO | hedge_bot.market_data | Post-market session | {"session": "POST_MARKET", "volatility": "LOW", "liquidity": "LOW"}

[2026-01-01 22:00:00.789] | INFO | hedge_bot.core.hedge_engine | Session-specific adjustments | {"spread_mitigation": true, "order_size_reduction": 0.50}

[2026-01-01 22:00:01.012] | INFO | hedge_bot.core.hedge_engine | Hedge cycle #190 completed | {"total_pnl": 12.34, "hedges_executed": 1, "success_rate": 100.00}

[2026-01-01 23:00:00.123] | INFO | hedge_bot.core.hedge_engine | Starting hedge cycle #200 | {"timestamp": "2026-01-01T23:00:00.123Z"}

[2026-01-01 23:00:00.456] | INFO | hedge_bot.core.hedge_engine | Milestone: 200th hedge cycle | {"total_pnl": 2456.78, "avg_pnl_per_cycle": 12.28}

[2026-01-01 23:00:00.789] | INFO | hedge_bot.core.hedge_engine | Final cycle of the day | {"status": "COMPLETED", "daily_summary": true}

[2026-01-01 23:59:59.999] | INFO | hedge_bot.main | Shutting down HedgeBot | {"reason": "End of trading day", "graceful": true}

[2026-01-01 23:59:59.999] | INFO | hedge_bot.core.hedge_engine | Closing all positions | {"positions": 5, "size": "distributed"}

[2026-01-01 23:59:59.999] | INFO | hedge_bot.brokers.binance | Disconnecting from Binance | {"status": "OK", "final_balance": 23456.78}

[2026-01-01 23:59:59.999] | INFO | hedge_bot.brokers.bybit | Disconnecting from Bybit | {"status": "OK", "final_balance": 18765.43}

[2026-01-01 23:59:59.999] | INFO | hedge_bot.brokers.kraken | Disconnecting from Kraken | {"status": "OK", "final_balance": 10123.46}

[2026-01-01 23:59:59.999] | INFO | hedge_bot.monitoring | Stopping monitoring system | {"metrics_exported": true}

[2026-01-01 23:59:59.999] | INFO | hedge_bot.main | HedgeBot shutdown complete | {"duration_seconds": 0.001, "graceful": true}

[2026-01-01 23:59:59.999] | INFO | hedge_bot.main | Final PnL | {"total_pnl": 2456.78, "total_return": 4.92}

[2026-01-01 23:59:59.999] | INFO | hedge_bot.main | Goodbye from NEXUS Hedge Bot v3.0.0 | {"signature": "NEXUS-QUANTUM-2026"}

# --- HEDGE LOG STATISTICS ---
# Total entries: 287
# INFO entries: 267
# WARNING entries: 12
# ERROR entries: 8
#
# Hedge cycles executed: 200
# Hedge operations: 412
# Successful hedges: 398
# Failed hedges: 14
# Success rate: 96.60%
#
# Top performing strategies:
# 1. Delta Hedge: $567.89
# 2. Volatility Hedge: $456.78
# 3. Correlation Hedge: $345.67
# 4. Beta Hedge: $234.56
# 5. Option Hedge: $123.45
#
# Best hour: 14:00-15:00 UTC (+$156.78)
# Worst hour: 04:00-05:00 UTC (-$45.67)
#
# System uptime: 24h 0m 0s
# Hedge cycles per hour: 8.33
#
# --- END OF HEDGE LOG ---
