# NEXUS HEDGE BOT - PERFORMANCE LOG
# Copyright © 2026 NEXUS QUANTUM LTD - All Rights Reserved
# CEO: Dr X... - Majority Shareholder
# 
# This log tracks all performance metrics, benchmarks, and efficiency
# measurements for the hedge bot operations.
# Format: [TIMESTAMP] | LEVEL | MODULE | Metric | Value | Details

[2026-01-01 00:00:00.000] | INFO | performance.startup | startup_duration_seconds | 7.234 | {"components_loaded": 12, "strategies_active": 7}

[2026-01-01 00:00:00.100] | INFO | performance.memory | memory_usage_mb | 1024.50 | {"allocated": 1024.50, "rss": 1150.30, "vms": 2048.60}

[2026-01-01 00:00:00.200] | INFO | performance.cpu | cpu_usage_percent | 12.50 | {"user": 8.30, "system": 4.20, "total": 12.50}

[2026-01-01 00:00:00.300] | INFO | performance.threads | thread_count | 24 | {"active": 24, "idle": 8, "blocked": 0}

[2026-01-01 00:00:00.400] | INFO | performance.connections | active_connections | 7 | {"websocket": 3, "http": 2, "grpc": 2}

[2026-01-01 00:00:00.500] | INFO | performance.api | api_latency_ms | 45.67 | {"p50": 34.50, "p95": 56.78, "p99": 78.90}

[2026-01-01 00:01:00.000] | INFO | performance.hedge_cycle | cycle_duration_ms | 5892 | {"cycle_id": 1, "operations": 3, "avg_op_ms": 1964}

[2026-01-01 00:01:00.100] | INFO | performance.execution | order_execution_ms | 233 | {"order_id": "ORD-20260101-000102-001", "broker": "Binance", "type": "MARKET"}

[2026-01-01 00:01:00.200] | INFO | performance.execution | order_execution_ms | 233 | {"order_id": "ORD-20260101-000103-002", "broker": "Kraken", "type": "MARKET"}

[2026-01-01 00:01:00.300] | INFO | performance.execution | order_execution_ms | 333 | {"order_id": "ORD-20260101-000105-003", "broker": "Bybit", "type": "MARKET"}

[2026-01-01 00:01:00.400] | INFO | performance.slippage | slippage_bps | 0.50 | {"order_id": "ORD-20260101-000102-001", "expected": 42350.12, "actual": 42350.12, "bps": 0.00}

[2026-01-01 00:01:00.500] | INFO | performance.slippage | slippage_bps | 0.75 | {"order_id": "ORD-20260101-000103-002", "expected": 2845.67, "actual": 2845.67, "bps": 0.00}

[2026-01-01 00:01:00.600] | INFO | performance.slippage | slippage_bps | 1.25 | {"order_id": "ORD-20260101-000105-003", "expected": 98.45, "actual": 98.45, "bps": 0.00}

[2026-01-01 00:05:00.000] | INFO | performance.hedge_cycle | cycle_duration_ms | 2444 | {"cycle_id": 2, "operations": 1, "avg_op_ms": 2444}

[2026-01-01 00:10:00.000] | WARNING | performance.hedge_cycle | cycle_duration_ms | 5789 | {"cycle_id": 3, "operations": 2, "avg_op_ms": 2894, "delayed": true, "delay_reason": "api_rate_limit"}

[2026-01-01 00:15:00.000] | INFO | performance.rebalancing | rebalancing_duration_ms | 1222 | {"cycle": "hourly", "trades": 2, "cost": 123.45}

[2026-01-01 00:20:00.000] | INFO | performance.hedge_cycle | cycle_duration_ms | 778 | {"cycle_id": 4, "operations": 0, "status": "IDLE"}

[2026-01-01 00:25:00.000] | INFO | performance.hedge_cycle | cycle_duration_ms | 1555 | {"cycle_id": 5, "operations": 1, "avg_op_ms": 1555}

[2026-01-01 00:30:00.000] | INFO | performance.summary | performance_summary | {"cycles": 10, "avg_duration_ms": 3292, "total_operations": 28, "success_rate": 96.43}

[2026-01-01 00:30:00.100] | INFO | performance.metrics | pnl_per_cycle | 23.46 | {"total": 234.56, "avg": 23.46, "max": 45.67, "min": -8.23}

[2026-01-01 00:30:00.200] | INFO | performance.metrics | win_rate | 71.43 | {"wins": 20, "losses": 8, "total": 28}

[2026-01-01 00:30:00.300] | INFO | performance.metrics | avg_trade_pnl | 8.38 | {"total": 234.56, "count": 28, "std": 12.34}

[2026-01-01 00:30:00.400] | INFO | performance.metrics | profit_factor | 2.34 | {"gross_profit": 456.78, "gross_loss": 195.34}

[2026-01-01 00:30:00.500] | INFO | performance.metrics | sharpe_ratio | 2.34 | {"annualized": 2.34, "period": "daily"}

[2026-01-01 00:30:00.600] | INFO | performance.metrics | calmar_ratio | 5.14 | {"annualized_return": 45.67, "max_drawdown": 8.89}

[2026-01-01 00:30:00.700] | INFO | performance.metrics | sortino_ratio | 3.12 | {"annualized": 3.12, "period": "daily"}

[2026-01-01 01:00:00.000] | INFO | performance.health | health_check_duration_ms | 2111 | {"components": 12, "status": "OPERATIONAL"}

[2026-01-01 01:00:00.100] | INFO | performance.system | cpu_usage_percent | 23.40 | {"user": 15.60, "system": 7.80, "total": 23.40}

[2026-01-01 01:00:00.200] | INFO | performance.system | memory_usage_percent | 15.00 | {"used_gb": 1.20, "total_gb": 8.00, "percent": 15.00}

[2026-01-01 01:00:00.300] | INFO | performance.system | disk_usage_percent | 42.50 | {"used_gb": 42.50, "total_gb": 100.00, "percent": 42.50}

[2026-01-01 01:00:00.400] | INFO | performance.network | network_latency_ms | 12.34 | {"to_broker": 12.34, "to_database": 5.67, "to_cache": 2.34}

[2026-01-01 01:00:00.500] | INFO | performance.network | network_bandwidth_mbps | 125.40 | {"in": 45.60, "out": 79.80, "total": 125.40}

[2026-01-01 02:00:00.000] | INFO | performance.hedge_cycle | cycle_duration_ms | 567 | {"cycle_id": 15, "operations": 0, "status": "IDLE"}

[2026-01-01 02:00:00.100] | INFO | performance.system | cpu_usage_percent | 18.90 | {"user": 12.30, "system": 6.60, "total": 18.90}

[2026-01-01 02:00:00.200] | INFO | performance.system | memory_usage_percent | 13.75 | {"used_gb": 1.10, "total_gb": 8.00, "percent": 13.75}

[2026-01-01 02:00:00.300] | INFO | performance.broker | broker_connection_latency_ms | 23.45 | {"Binance": 23.45, "Bybit": 18.90, "Kraken": 28.90}

[2026-01-01 03:00:00.000] | WARNING | performance.risk | drawdown_detected | 8.50 | {"current": 8.50, "threshold": 5.00, "excess": 3.50}

[2026-01-01 03:00:00.100] | WARNING | performance.risk | risk_limit_violation | 0.25 | {"symbol": "BTC", "limit": 0.20, "excess": 0.05}

[2026-01-01 03:00:00.200] | INFO | performance.risk | position_size_reduction | 50.00 | {"previous_max": 0.10, "new_max": 0.05, "reason": "drawdown"}

[2026-01-01 03:30:00.000] | INFO | performance.risk | drawdown_recovered | 4.20 | {"current": 4.20, "threshold": 5.00, "recovery_time_min": 30}

[2026-01-01 03:30:00.100] | INFO | performance.risk | position_size_restored | 100.00 | {"previous_max": 0.05, "new_max": 0.10, "reason": "drawdown_recovered"}

[2026-01-01 04:00:00.000] | WARNING | performance.health | system_degraded | "HIGH_LATENCY" | {"latency_ms": 856, "threshold": 500, "component": "market_data"}

[2026-01-01 04:00:00.100] | WARNING | performance.data | market_data_lag_seconds | 2.30 | {"threshold": 1.00, "provider": "Binance"}

[2026-01-01 04:15:00.000] | INFO | performance.recovery | failover_duration_ms | 15000 | {"from": "Binance", "to": "Kraken", "reason": "high_latency"}

[2026-01-01 04:15:00.100] | INFO | performance.health | system_recovered | "OPERATIONAL" | {"recovery_time_seconds": 15}

[2026-01-01 05:00:00.000] | INFO | performance.hedge_cycle | cycle_duration_ms | 2344 | {"cycle_id": 25, "operations": 2, "avg_op_ms": 1172}

[2026-01-01 05:00:00.100] | INFO | performance.broker | backup_provider_latency_ms | 34.56 | {"provider": "Kraken", "vs_primary": 23.45}

[2026-01-01 06:00:00.000] | INFO | performance.reporting | report_generation_ms | 3456 | {"report_id": "RPT-20260101-060000", "format": "html", "size_kb": 234.56}

[2026-01-01 06:00:00.100] | INFO | performance.summary | daily_performance | {"total_pnl": 1234.56, "total_return": 2.34, "trades": 142, "win_rate": 68.30}

[2026-01-01 06:00:00.200] | INFO | performance.summary | daily_risk_metrics | {"max_drawdown": 8.50, "var_95": 123.45, "sharpe": 2.45, "calmar": 2.89}

[2026-01-01 06:00:00.300] | INFO | performance.summary | daily_efficiency | {"avg_cycle_ms": 2890, "avg_execution_ms": 234, "slippage_bps": 0.85}

[2026-01-01 07:00:00.000] | INFO | performance.hedge_cycle | cycle_duration_ms | 889 | {"cycle_id": 30, "operations": 1, "avg_op_ms": 889}

[2026-01-01 07:00:00.100] | INFO | performance.session | session_performance | {"session": "ASIA", "cycles": 5, "avg_pnl": 12.34, "win_rate": 60.00}

[2026-01-01 08:00:00.000] | INFO | performance.volatility | volatility_regime | "HIGH" | {"vix": 28.50, "regime": "HIGH_VOLATILITY", "adjustment": 0.50}

[2026-01-01 08:00:00.100] | INFO | performance.hedge_cycle | cycle_duration_ms | 1899 | {"cycle_id": 50, "operations": 4, "avg_op_ms": 475, "frequency": "HIGH"}

[2026-01-01 08:00:00.200] | INFO | performance.hedge_cycle | cycle_duration_ms | 678 | {"cycle_id": 51, "operations": 2, "avg_op_ms": 339, "frequency": "HIGH"}

[2026-01-01 08:00:00.300] | INFO | performance.hedge_cycle | cycle_duration_ms | 789 | {"cycle_id": 52, "operations": 3, "avg_op_ms": 263, "frequency": "HIGH"}

[2026-01-01 09:00:00.000] | INFO | performance.session | session_performance | {"session": "LONDON", "cycles": 15, "avg_pnl": 34.56, "win_rate": 73.33}

[2026-01-01 09:00:00.100] | INFO | performance.volume | trading_volume | 234567.89 | {"hour": "09:00-10:00", "symbols": ["BTC", "ETH", "SOL"]}

[2026-01-01 10:00:00.000] | INFO | performance.session | session_performance | {"session": "NEW_YORK", "cycles": 20, "avg_pnl": 45.67, "win_rate": 75.00}

[2026-01-01 10:00:00.100] | INFO | performance.volume | trading_volume | 345678.90 | {"hour": "10:00-11:00", "symbols": ["BTC", "ETH", "SOL", "AVAX", "DOT"]}

[2026-01-01 10:00:00.200] | INFO | performance.execution | order_execution_ms | 145 | {"order_type": "MARKET", "broker": "Binance", "size": "medium"}

[2026-01-01 10:00:00.300] | INFO | performance.execution | order_execution_ms | 178 | {"order_type": "LIMIT", "broker": "Kraken", "size": "large"}

[2026-01-01 11:00:00.000] | INFO | performance.summary | milestone_performance | {"cycles": 75, "total_pnl": 1567.89, "avg_pnl": 20.91, "success_rate": 96.00}

[2026-01-01 11:00:00.100] | INFO | performance.metrics | best_strategy | "delta_hedge" | {"pnl": 456.78, "trades": 45, "win_rate": 75.56}

[2026-01-01 11:00:00.200] | INFO | performance.metrics | worst_strategy | "gamma_hedge" | {"pnl": 123.45, "trades": 25, "win_rate": 60.00}

[2026-01-01 12:00:00.000] | INFO | performance.health | midday_health_check | {"duration_ms": 1234, "status": "OPERATIONAL"}

[2026-01-01 12:00:00.100] | INFO | performance.system | cpu_usage_percent | 21.30 | {"user": 14.20, "system": 7.10, "total": 21.30}

[2026-01-01 12:00:00.200] | INFO | performance.system | memory_usage_percent | 14.38 | {"used_gb": 1.15, "total_gb": 8.00, "percent": 14.38}

[2026-01-01 12:00:00.300] | INFO | performance.metrics | performance_to_date | {"total_pnl": 1567.89, "daily_change": 3.14, "monthly_change": 12.34}

[2026-01-01 13:00:00.000] | INFO | performance.hedge_cycle | cycle_duration_ms | 1456 | {"cycle_id": 100, "operations": 3, "avg_op_ms": 485}

[2026-01-01 13:00:00.100] | INFO | performance.summary | milestone_performance | {"cycles": 100, "total_pnl": 1890.45, "avg_pnl": 18.90, "success_rate": 96.50}

[2026-01-01 13:00:00.200] | INFO | performance.metrics | top_strategies | {"1": {"delta_hedge": 45.60}, "2": {"volatility_hedge": 32.10}, "3": {"correlation_hedge": 22.30}}

[2026-01-01 14:00:00.000] | INFO | performance.event | market_event_impact | -23.45 | {"event": "FOMC Minutes", "impact": "MEDIUM", "duration_min": 5}

[2026-01-01 14:00:00.100] | INFO | performance.hedge_cycle | cycle_duration_ms | 2345 | {"cycle_id": 110, "operations": 5, "avg_op_ms": 469, "success_rate": 60.00}

[2026-01-01 14:00:00.200] | INFO | performance.recovery | event_recovery_duration_ms | 5000 | {"event": "FOMC Minutes", "recovered": true, "recovery_time": 5}

[2026-01-01 15:00:00.000] | INFO | performance.hedge_cycle | cycle_duration_ms | 1889 | {"cycle_id": 120, "operations": 3, "avg_op_ms": 630}

[2026-01-01 15:00:00.100] | INFO | performance.recovery | drawdown_recovery | 22.22 | {"recovered": 22.22, "remaining": 7.78, "target": 30.00}

[2026-01-01 16:00:00.000] | INFO | performance.recovery | full_recovery | 30.00 | {"recovered": 30.00, "status": "RECOVERED"}

[2026-01-01 17:00:00.000] | INFO | performance.hedge_cycle | cycle_duration_ms | 1567 | {"cycle_id": 140, "operations": 3, "avg_op_ms": 522}

[2026-01-01 17:00:00.100] | INFO | performance.session | session_performance | {"session": "POWER_HOUR", "cycles": 10, "avg_pnl": 56.78, "win_rate": 70.00}

[2026-01-01 18:00:00.000] | INFO | performance.health | evening_health_check | {"duration_ms": 1234, "status": "OPERATIONAL"}

[2026-01-01 18:00:00.100] | INFO | performance.metrics | performance_to_date | {"total_pnl": 2234.56, "daily_change": 4.47, "monthly_change": 15.67}

[2026-01-01 18:00:00.200] | INFO | performance.efficiency | system_efficiency | {"cycles_per_hour": 8.33, "orders_per_cycle": 2.34, "fill_rate": 98.50}

[2026-01-01 18:00:00.300] | INFO | performance.throughput | system_throughput | 12.34 | {"orders_per_second": 12.34, "data_points_per_second": 234.56, "messages_per_second": 45.67}

[2026-01-01 19:00:00.000] | INFO | performance.hedge_cycle | cycle_duration_ms | 1899 | {"cycle_id": 160, "operations": 3, "avg_op_ms": 633}

[2026-01-01 19:00:00.100] | INFO | performance.metrics | pnl_per_cycle | 18.93 | {"total": 56.78, "avg": 18.93, "max": 56.78, "min": 56.78}

[2026-01-01 20:00:00.000] | INFO | performance.hedge_cycle | cycle_duration_ms | 789 | {"cycle_id": 170, "operations": 2, "avg_op_ms": 395}

[2026-01-01 20:00:00.100] | INFO | performance.session | power_hour_adjustments | {"frequency": "INCREASED", "order_size": "REDUCED", "factor": 0.75}

[2026-01-01 21:00:00.000] | INFO | performance.hedge_cycle | cycle_duration_ms | 1234 | {"cycle_id": 180, "operations": 2, "avg_op_ms": 617}

[2026-01-01 21:00:00.100] | INFO | performance.metrics | pnl_per_cycle | 33.95 | {"total": 67.89, "avg": 33.95, "max": 67.89, "min": 67.89}

[2026-01-01 22:00:00.000] | INFO | performance.hedge_cycle | cycle_duration_ms | 889 | {"cycle_id": 190, "operations": 1, "avg_op_ms": 889}

[2026-01-01 22:00:00.100] | INFO | performance.session | session_performance | {"session": "POST_MARKET", "cycles": 5, "avg_pnl": 8.90, "win_rate": 60.00}

[2026-01-01 23:00:00.000] | INFO | performance.hedge_cycle | cycle_duration_ms | 2000 | {"cycle_id": 200, "operations": 2, "avg_op_ms": 1000}

[2026-01-01 23:00:00.100] | INFO | performance.summary | final_milestone | {"cycles": 200, "total_pnl": 2456.78, "avg_pnl": 12.28, "success_rate": 96.60}

[2026-01-01 23:00:00.200] | INFO | performance.metrics | daily_best_strategy | "volatility_hedge" | {"pnl": 678.90, "trades": 74, "win_rate": 72.97}

[2026-01-01 23:00:00.300] | INFO | performance.metrics | daily_worst_strategy | "gamma_hedge" | {"pnl": 123.45, "trades": 34, "win_rate": 58.82}

[2026-01-01 23:59:59.999] | INFO | performance.shutdown | shutdown_duration_ms | 1 | {"graceful": true, "components": 12, "state": "PERSISTED"}

[2026-01-01 23:59:59.999] | INFO | performance.summary | daily_final_metrics | {"total_pnl": 2456.78, "total_return": 4.92, "trades": 287, "win_rate": 68.30}

[2026-01-01 23:59:59.999] | INFO | performance.summary | daily_risk_summary | {"max_drawdown": 8.50, "var_95": 123.45, "sharpe": 2.45, "calmar": 2.89, "sortino": 3.12}

[2026-01-01 23:59:59.999] | INFO | performance.summary | daily_efficiency_summary | {"avg_cycle_ms": 1567.23, "avg_execution_ms": 234.56, "slippage_bps": 0.89, "fill_rate": 98.50}

[2026-01-01 23:59:59.999] | INFO | performance.summary | daily_resource_usage | {"avg_cpu": 22.45, "avg_memory_mb": 1150.50, "peak_connections": 12, "total_api_calls": 2345}

[2026-01-01 23:59:59.999] | INFO | performance.final | system_performance_score | 8.75 | {"out_of": 10.0, "rating": "EXCELLENT"}

# --- PERFORMANCE STATISTICS ---
# Total entries: 128
# INFO entries: 120
# WARNING entries: 8
# ERROR entries: 0
#
# Performance Summary:
# - Total cycles executed: 200
# - Total operations: 412
# - Average cycle duration: 1,567ms
# - Fastest cycle: 567ms (cycle #15)
# - Slowest cycle: 5,892ms (cycle #1)
# - Success rate: 96.60%
#
# Execution Performance:
# - Average order execution: 234ms
# - Fastest execution: 145ms
# - Slowest execution: 456ms
# - Average slippage: 0.89 bps
# - Fill rate: 98.50%
#
# Resource Utilization:
# - Average CPU: 22.45%
# - Peak CPU: 34.56%
# - Average Memory: 1.15 GB
# - Peak Memory: 1.45 GB
# - Average Connections: 7
# - Peak Connections: 12
#
# Session Performance:
# - Best Session: NEW_YORK (avg PnL: $45.67)
# - Worst Session: ASIA (avg PnL: $12.34)
# - Most Active: NEW_YORK (20 cycles)
# - Least Active: POST_MARKET (5 cycles)
#
# Strategy Performance:
# - Best Overall: Volatility Hedge ($678.90)
# - Worst Overall: Gamma Hedge ($123.45)
# - Most Used: Delta Hedge (78 cycles)
# - Least Used: Gamma Hedge (34 cycles)
#
# Efficiency Score: 8.75/10 (EXCELLENT)
#
# --- END OF PERFORMANCE LOG ---
