# NEXUS HEDGE BOT - RISK LOG
# Copyright © 2026 NEXUS QUANTUM LTD - All Rights Reserved
# CEO: Dr X... - Majority Shareholder
# 
# This log tracks all risk management operations, including risk calculations,
# limits monitoring, and risk mitigation actions.
# Format: [TIMESTAMP] | LEVEL | MODULE | Metric | Value | Details

[2026-01-01 00:00:00.000] | INFO | risk.initialization | risk_engine_initialized | {"version": "3.0.0", "var_method": "historical", "var_confidence": 0.95, "cvar_confidence": 0.975}

[2026-01-01 00:00:00.100] | INFO | risk.initialization | risk_limits_configured | {"max_drawdown": 5.00, "max_exposure": 0.35, "max_leverage": 2.50, "var_limit": 5.00}

[2026-01-01 00:00:00.200] | INFO | risk.initialization | position_sizing_configured | {"method": "Kelly", "fraction": 0.25, "max_position_pct": 0.10, "min_position_pct": 0.01}

[2026-01-01 00:01:00.000] | INFO | risk.calculation | var_calculated | {"value": 123.45, "method": "historical", "confidence": 0.95, "period": "1d"}

[2026-01-01 00:01:00.100] | INFO | risk.calculation | cvar_calculated | {"value": 167.89, "method": "historical", "confidence": 0.975, "period": "1d"}

[2026-01-01 00:01:00.200] | INFO | risk.calculation | exposure_calculated | {"total_exposure": 0.32, "limit": 0.35, "utilization": 91.43, "status": "OK"}

[2026-01-01 00:01:00.300] | INFO | risk.calculation | leverage_calculated | {"current_leverage": 1.45, "limit": 2.50, "utilization": 58.00, "status": "OK"}

[2026-01-01 00:01:00.400] | INFO | risk.calculation | concentration_calculated | {"top_position": 42.00, "limit": 45.00, "utilization": 93.33, "status": "OK"}

[2026-01-01 00:05:01.012] | WARNING | risk.monitoring | position_limit_violation | {"symbol": "BTC", "current": 0.25, "limit": 0.20, "excess": 0.05, "severity": "HIGH"}

[2026-01-01 00:05:01.345] | WARNING | risk.mitigation | position_reduction | {"symbol": "BTC", "previous": 0.25, "adjusted": 0.18, "reduction": 0.07, "reason": "risk_limit_violation"}

[2026-01-01 00:05:01.678] | INFO | risk.monitoring | risk_limits_restored | {"symbol": "BTC", "current": 0.18, "limit": 0.20, "status": "OK"}

[2026-01-01 00:10:00.000] | INFO | risk.calculation | correlation_matrix | {"btc_eth": 0.82, "btc_sol": 0.67, "eth_sol": 0.71, "btc_avax": 0.45, "eth_dot": 0.55}

[2026-01-01 00:10:00.100] | INFO | risk.calculation | beta_calculated | {"btc": 0.95, "eth": 1.15, "sol": 1.45, "avax": 1.80, "dot": 1.65}

[2026-01-01 00:10:00.200] | INFO | risk.calculation | volatility_calculated | {"btc": 32.50, "eth": 42.10, "sol": 67.80, "avax": 85.20, "dot": 75.40}

[2026-01-01 00:10:00.300] | INFO | risk.monitoring | var_monitoring | {"current_var": 123.45, "limit": 5.00, "utilization": 24.69, "status": "OK"}

[2026-01-01 00:30:00.000] | INFO | risk.summary | risk_summary | {"var": 123.45, "cvar": 167.89, "exposure": 0.32, "leverage": 1.45, "max_drawdown": 0.00}

[2026-01-01 01:00:00.000] | INFO | risk.analysis | stress_test | {"scenario": "market_crash", "impact": -15.00, "pnl_impact": -2345.67, "status": "OK"}

[2026-01-01 01:00:00.100] | INFO | risk.analysis | stress_test | {"scenario": "flash_crash", "impact": -30.00, "pnl_impact": -4691.34, "status": "WARNING"}

[2026-01-01 01:00:00.200] | INFO | risk.analysis | stress_test | {"scenario": "black_swan", "impact": -50.00, "pnl_impact": -7818.90, "status": "CRITICAL"}

[2026-01-01 01:00:00.300] | INFO | risk.analysis | stress_test | {"scenario": "volatility_spike", "impact": -10.00, "pnl_impact": -1563.78, "status": "OK"}

[2026-01-01 01:00:00.400] | INFO | risk.analysis | stress_test | {"scenario": "liquidity_crisis", "impact": -20.00, "pnl_impact": -3127.56, "status": "WARNING"}

[2026-01-01 01:00:00.500] | INFO | risk.analysis | stress_test_summary | {"max_loss": -7818.90, "avg_loss": -3909.45, "worst_scenario": "black_swan"}

[2026-01-01 02:00:00.000] | INFO | risk.calculation | drawdown_calculated | {"current_drawdown": 0.00, "max_drawdown": 0.00, "limit": 5.00, "status": "OK"}

[2026-01-01 02:00:00.100] | INFO | risk.calculation | recovery_factor | {"current": 0.00, "min": 0.00, "status": "OK"}

[2026-01-01 03:00:00.123] | WARNING | risk.monitoring | drawdown_violation | {"current_drawdown": 8.50, "limit": 5.00, "excess": 3.50, "severity": "HIGH"}

[2026-01-01 03:00:00.456] | WARNING | risk.mitigation | drawdown_response | {"action": "position_reduction", "reduction": 50.00, "new_max_position": 0.05, "reason": "drawdown_threshold_exceeded"}

[2026-01-01 03:00:00.789] | INFO | risk.mitigation | stop_loss_triggered | {"symbol": "BTC", "stop_loss": 42300.00, "current": 42250.00, "action": "partial_close"}

[2026-01-01 03:00:00.901] | INFO | risk.mitigation | stop_loss_triggered | {"symbol": "ETH", "stop_loss": 2830.00, "current": 2825.00, "action": "partial_close"}

[2026-01-01 03:00:01.012] | INFO | risk.mitigation | stop_loss_triggered | {"symbol": "SOL", "stop_loss": 97.00, "current": 96.80, "action": "partial_close"}

[2026-01-01 03:05:00.000] | INFO | risk.monitoring | drawdown_monitoring | {"current_drawdown": 8.50, "status": "MONITORING", "action": "position_reduction"}

[2026-01-01 03:15:00.000] | INFO | risk.monitoring | drawdown_monitoring | {"current_drawdown": 7.80, "status": "MONITORING", "trend": "IMPROVING"}

[2026-01-01 03:30:00.123] | INFO | risk.monitoring | drawdown_recovered | {"current_drawdown": 4.20, "limit": 5.00, "status": "RECOVERED", "recovery_time": 1800}

[2026-01-01 03:30:00.456] | INFO | risk.mitigation | position_restoration | {"action": "position_restoration", "restore_to": 0.10, "reason": "drawdown_recovered"}

[2026-01-01 03:30:00.789] | INFO | risk.mitigation | stop_loss_restored | {"symbol": "BTC", "stop_loss": 42200.00, "status": "RESET"}

[2026-01-01 04:00:00.000] | INFO | risk.calculation | var_calculated | {"value": 145.67, "method": "historical", "confidence": 0.95, "period": "1d"}

[2026-01-01 04:00:00.100] | INFO | risk.calculation | cvar_calculated | {"value": 189.01, "method": "historical", "confidence": 0.975, "period": "1d"}

[2026-01-01 04:00:00.200] | WARNING | risk.monitoring | var_violation | {"current_var": 145.67, "limit": 5.00, "utilization": 29.13, "status": "ELEVATED"}

[2026-01-01 04:30:00.000] | INFO | risk.monitoring | var_monitoring | {"current_var": 134.56, "limit": 5.00, "utilization": 26.91, "status": "OK"}

[2026-01-01 05:00:00.000] | INFO | risk.calculation | correlation_matrix | {"btc_eth": 0.84, "btc_sol": 0.69, "eth_sol": 0.73, "btc_avax": 0.47, "eth_dot": 0.57}

[2026-01-01 05:00:00.100] | INFO | risk.calculation | beta_calculated | {"btc": 0.97, "eth": 1.18, "sol": 1.48, "avax": 1.85, "dot": 1.68}

[2026-01-01 05:00:00.200] | INFO | risk.calculation | volatility_calculated | {"btc": 31.80, "eth": 41.50, "sol": 66.90, "avax": 84.50, "dot": 74.80}

[2026-01-01 06:00:00.000] | INFO | risk.summary | risk_summary | {"var": 134.56, "cvar": 178.90, "exposure": 0.31, "leverage": 1.42, "max_drawdown": 8.50}

[2026-01-01 06:00:00.100] | INFO | risk.analysis | risk_adjusted_metrics | {"sharpe": 2.45, "sortino": 3.12, "calmar": 2.89, "ulcer": 3.45}

[2026-01-01 06:00:00.200] | INFO | risk.analysis | risk_adjusted_metrics | {"profit_factor": 2.34, "recovery_factor": 5.78, "tail_ratio": 1.45}

[2026-01-01 07:00:00.000] | INFO | risk.calculation | exposure_calculated | {"total_exposure": 0.30, "limit": 0.35, "utilization": 85.71, "status": "OK"}

[2026-01-01 07:00:00.100] | INFO | risk.calculation | leverage_calculated | {"current_leverage": 1.38, "limit": 2.50, "utilization": 55.20, "status": "OK"}

[2026-01-01 08:00:00.000] | INFO | risk.calculation | var_calculated | {"value": 167.89, "method": "historical", "confidence": 0.95, "period": "1d"}

[2026-01-01 08:00:00.100] | WARNING | risk.monitoring | var_violation | {"current_var": 167.89, "limit": 5.00, "utilization": 33.58, "status": "ELEVATED"}

[2026-01-01 08:00:00.200] | WARNING | risk.mitigation | var_response | {"action": "position_reduction", "reduction": 20.00, "reason": "elevated_var"}

[2026-01-01 08:05:00.000] | INFO | risk.monitoring | var_monitoring | {"current_var": 145.67, "limit": 5.00, "utilization": 29.13, "status": "OK"}

[2026-01-01 09:00:00.000] | INFO | risk.calculation | drawdown_calculated | {"current_drawdown": 2.30, "max_drawdown": 8.50, "limit": 5.00, "status": "OK"}

[2026-01-01 09:00:00.100] | INFO | risk.calculation | recovery_factor | {"current": 2.45, "min": 0.00, "status": "OK"}

[2026-01-01 10:00:00.000] | INFO | risk.calculation | correlation_matrix | {"btc_eth": 0.86, "btc_sol": 0.71, "eth_sol": 0.75, "btc_avax": 0.50, "eth_dot": 0.60}

[2026-01-01 10:00:00.100] | INFO | risk.calculation | beta_calculated | {"btc": 1.00, "eth": 1.20, "sol": 1.50, "avax": 1.90, "dot": 1.70}

[2026-01-01 10:00:00.200] | INFO | risk.calculation | volatility_calculated | {"btc": 34.20, "eth": 43.80, "sol": 69.50, "avax": 87.00, "dot": 77.00}

[2026-01-01 11:00:00.000] | INFO | risk.monitoring | var_monitoring | {"current_var": 156.78, "limit": 5.00, "utilization": 31.36, "status": "OK"}

[2026-01-01 11:00:00.100] | INFO | risk.monitoring | cvar_monitoring | {"current_cvar": 198.90, "limit": 7.50, "utilization": 26.52, "status": "OK"}

[2026-01-01 12:00:00.000] | INFO | risk.calculation | var_calculated | {"value": 145.67, "method": "parametric", "confidence": 0.95, "period": "1d"}

[2026-01-01 12:00:00.100] | INFO | risk.calculation | var_calculated | {"value": 138.90, "method": "monte_carlo", "confidence": 0.95, "period": "1d", "simulations": 10000}

[2026-01-01 12:00:00.200] | INFO | risk.calculation | var_comparison | {"historical": 145.67, "parametric": 145.67, "monte_carlo": 138.90, "consensus": 145.67}

[2026-01-01 13:00:00.000] | INFO | risk.analysis | stress_test | {"scenario": "market_downturn", "impact": -20.00, "pnl_impact": -2789.45, "status": "WARNING"}

[2026-01-01 13:00:00.100] | INFO | risk.analysis | stress_test | {"scenario": "sector_rotation", "impact": -12.00, "pnl_impact": -1673.67, "status": "OK"}

[2026-01-01 13:00:00.200] | INFO | risk.analysis | stress_test | {"scenario": "interest_rate_hike", "impact": -8.00, "pnl_impact": -1115.78, "status": "OK"}

[2026-01-01 14:00:00.000] | INFO | risk.monitoring | event_risk | {"event": "FOMC Minutes", "risk_level": "HIGH", "pre_positioning": true}

[2026-01-01 14:00:00.100] | WARNING | risk.mitigation | pre_event_risk_reduction | {"reduction": 30.00, "new_exposure": 0.21, "reason": "high_risk_event"}

[2026-01-01 14:00:00.200] | INFO | risk.mitigation | stop_loss_tightening | {"new_stop_distance": 0.50, "original_distance": 1.00, "reason": "event_risk"}

[2026-01-01 14:05:00.000] | INFO | risk.monitoring | event_risk_concluded | {"event": "FOMC Minutes", "impact_actual": "MEDIUM", "loss": 23.45}

[2026-01-01 14:05:00.100] | INFO | risk.mitigation | post_event_restoration | {"restored_exposure": 0.30, "restored_stop_distance": 1.00, "reason": "event_concluded"}

[2026-01-01 15:00:00.000] | INFO | risk.calculation | exposure_calculated | {"total_exposure": 0.29, "limit": 0.35, "utilization": 82.86, "status": "OK"}

[2026-01-01 15:00:00.100] | INFO | risk.calculation | leverage_calculated | {"current_leverage": 1.35, "limit": 2.50, "utilization": 54.00, "status": "OK"}

[2026-01-01 16:00:00.000] | INFO | risk.calculation | drawdown_calculated | {"current_drawdown": 1.20, "max_drawdown": 8.50, "limit": 5.00, "status": "OK"}

[2026-01-01 16:00:00.100] | INFO | risk.calculation | recovery_factor | {"current": 3.45, "min": 0.00, "status": "OK"}

[2026-01-01 17:00:00.000] | INFO | risk.calculation | var_calculated | {"value": 134.56, "method": "historical", "confidence": 0.95, "period": "1d"}

[2026-01-01 17:00:00.100] | INFO | risk.calculation | cvar_calculated | {"value": 178.90, "method": "historical", "confidence": 0.975, "period": "1d"}

[2026-01-01 18:00:00.000] | INFO | risk.summary | risk_summary | {"var": 134.56, "cvar": 178.90, "exposure": 0.28, "leverage": 1.32, "max_drawdown": 8.50}

[2026-01-01 18:00:00.100] | INFO | risk.analysis | risk_adjusted_metrics | {"sharpe": 2.67, "sortino": 3.34, "calmar": 3.12, "ulcer": 2.89}

[2026-01-01 18:00:00.200] | INFO | risk.analysis | risk_adjusted_metrics | {"profit_factor": 2.56, "recovery_factor": 6.12, "tail_ratio": 1.56}

[2026-01-01 19:00:00.000] | INFO | risk.calculation | correlation_matrix | {"btc_eth": 0.83, "btc_sol": 0.68, "eth_sol": 0.72, "btc_avax": 0.46, "eth_dot": 0.56}

[2026-01-01 19:00:00.100] | INFO | risk.calculation | beta_calculated | {"btc": 0.96, "eth": 1.16, "sol": 1.46, "avax": 1.82, "dot": 1.66}

[2026-01-01 19:00:00.200] | INFO | risk.calculation | volatility_calculated | {"btc": 33.10, "eth": 42.60, "sol": 68.30, "avax": 86.00, "dot": 76.00}

[2026-01-01 20:00:00.000] | INFO | risk.monitoring | var_monitoring | {"current_var": 145.67, "limit": 5.00, "utilization": 29.13, "status": "OK"}

[2026-01-01 20:00:00.100] | INFO | risk.monitoring | cvar_monitoring | {"current_cvar": 189.01, "limit": 7.50, "utilization": 25.20, "status": "OK"}

[2026-01-01 21:00:00.000] | INFO | risk.calculation | drawdown_calculated | {"current_drawdown": 0.80, "max_drawdown": 8.50, "limit": 5.00, "status": "OK"}

[2026-01-01 22:00:00.000] | INFO | risk.calculation | exposure_calculated | {"total_exposure": 0.27, "limit": 0.35, "utilization": 77.14, "status": "OK"}

[2026-01-01 22:00:00.100] | INFO | risk.calculation | leverage_calculated | {"current_leverage": 1.28, "limit": 2.50, "utilization": 51.20, "status": "OK"}

[2026-01-01 23:00:00.000] | INFO | risk.calculation | var_calculated | {"value": 123.45, "method": "historical", "confidence": 0.95, "period": "1d"}

[2026-01-01 23:00:00.100] | INFO | risk.calculation | cvar_calculated | {"value": 167.89, "method": "historical", "confidence": 0.975, "period": "1d"}

[2026-01-01 23:30:00.000] | INFO | risk.monitoring | closing_risk_assessment | {"all_positions_closing": true, "risk_status": "OK", "estimated_slippage": 0.50}

[2026-01-01 23:45:00.000] | INFO | risk.analysis | end_of_day_risk_summary | {"var": 123.45, "cvar": 167.89, "max_drawdown": 8.50, "peak_loss": 23.45}

[2026-01-01 23:59:59.999] | INFO | risk.shutdown | risk_engine_shutdown | {"shutdown_clean": true, "metrics_persisted": true, "last_check": "2026-01-01T23:59:59.999Z"}

[2026-01-01 23:59:59.999] | INFO | risk.summary | final_risk_summary | {"var": 123.45, "cvar": 167.89, "exposure": 0.00, "leverage": 0.00, "max_drawdown": 8.50}

# --- RISK STATISTICS ---
# Total entries: 112
# INFO entries: 94
# WARNING entries: 14
# ERROR entries: 4
#
# Risk Summary:
# - VaR (95%): $123.45
# - VaR (99%): $234.56
# - CVaR (95%): $167.89
# - CVaR (99%): $289.01
# - Max Drawdown: 8.50%
# - Max Exposure: 0.35
# - Max Leverage: 1.45
#
# Risk Events:
# - Drawdown violations: 3
# - Position limit violations: 2
# - VaR violations: 2
# - Stress test warnings: 4
# - Stop-loss triggers: 3
# - Risk mitigation actions: 8
# - Risk restoration actions: 6
#
# Risk Mitigation Effectiveness:
# - Drawdown recovery: 100% (1/1)
# - Position limit restoration: 100% (2/2)
# - VaR reduction: 100% (2/2)
# - Stop-loss effectiveness: 100% (3/3)
#
# Risk-Adjusted Performance:
# - Sharpe Ratio: 2.45
# - Sortino Ratio: 3.12
# - Calmar Ratio: 2.89
# - Ulcer Index: 3.45
# - Profit Factor: 2.34
# - Recovery Factor: 5.78
# - Tail Ratio: 1.45
#
# Stress Test Results:
# - Worst Scenario: Black Swan (-50.00%)
# - Average Scenario: -20.00%
# - Maximum Loss Scenario: -$7,818.90
# - Minimum Loss Scenario: -$1,115.78
#
# --- END OF RISK LOG ---
