# NEXUS HEDGE BOT - TRADES LOG
# Copyright © 2026 NEXUS QUANTUM LTD - All Rights Reserved
# CEO: Dr X... - Majority Shareholder
# 
# This log tracks all trade executions, order management, and trade-related
# operations for the hedge bot.
# Format: [TIMESTAMP] | LEVEL | MODULE | Action | Symbol | Details

[2026-01-01 00:01:02.890] | INFO | trades.execution | ORDER_PLACED | BTC | {"order_id": "ORD-20260101-000102-001", "type": "MARKET", "side": "SELL", "size": 0.15, "price": 42350.12}

[2026-01-01 00:01:03.123] | INFO | trades.execution | ORDER_FILLED | BTC | {"order_id": "ORD-20260101-000102-001", "filled_size": 0.15, "avg_price": 42350.12, "total": 6352.52, "fee": 1.27, "status": "COMPLETED"}

[2026-01-01 00:01:03.456] | INFO | trades.analytics | TRADE_COMPLETED | BTC | {"trade_id": "TRD-20260101-000102", "pnl": 12.45, "return": 0.02, "duration_ms": 566}

[2026-01-01 00:01:04.012] | INFO | trades.execution | ORDER_PLACED | ETH | {"order_id": "ORD-20260101-000103-002", "type": "MARKET", "side": "BUY", "size": 2.50, "price": 2845.67}

[2026-01-01 00:01:04.345] | INFO | trades.execution | ORDER_FILLED | ETH | {"order_id": "ORD-20260101-000103-002", "filled_size": 2.50, "avg_price": 2845.67, "total": 7114.18, "fee": 1.42, "status": "COMPLETED"}

[2026-01-01 00:01:04.678] | INFO | trades.analytics | TRADE_COMPLETED | ETH | {"trade_id": "TRD-20260101-000103", "pnl": -8.23, "return": -0.12, "duration_ms": 666}

[2026-01-01 00:01:05.234] | INFO | trades.execution | ORDER_PLACED | SOL | {"order_id": "ORD-20260101-000105-003", "type": "MARKET", "side": "SELL", "size": 50.00, "price": 98.45}

[2026-01-01 00:01:05.567] | INFO | trades.execution | ORDER_FILLED | SOL | {"order_id": "ORD-20260101-000105-003", "filled_size": 50.00, "avg_price": 98.45, "total": 4922.50, "fee": 0.98, "status": "COMPLETED"}

[2026-01-01 00:01:05.890] | INFO | trades.analytics | TRADE_COMPLETED | SOL | {"trade_id": "TRD-20260101-000105", "pnl": 34.67, "return": 0.70, "duration_ms": 656}

[2026-01-01 00:05:01.901] | INFO | trades.execution | ORDER_PLACED | BTC | {"order_id": "ORD-20260101-000501-004", "type": "MARKET", "side": "BUY", "size": 0.18, "price": 42400.00}

[2026-01-01 00:05:02.234] | INFO | trades.execution | ORDER_FILLED | BTC | {"order_id": "ORD-20260101-000501-004", "filled_size": 0.18, "avg_price": 42400.00, "total": 7632.00, "fee": 1.53, "status": "COMPLETED"}

[2026-01-01 00:05:02.567] | INFO | trades.analytics | TRADE_COMPLETED | BTC | {"trade_id": "TRD-20260101-000501", "pnl": 18.90, "return": 0.25, "duration_ms": 666}

[2026-01-01 00:15:01.345] | INFO | trades.execution | ORDER_PLACED | BTC | {"order_id": "ORD-20260101-001501-005", "type": "LIMIT", "side": "SELL", "size": 0.02, "price": 42412.34}

[2026-01-01 00:15:01.678] | INFO | trades.execution | ORDER_FILLED | BTC | {"order_id": "ORD-20260101-001501-005", "filled_size": 0.02, "avg_price": 42412.34, "total": 848.25, "fee": 0.17, "status": "COMPLETED"}

[2026-01-01 00:15:01.890] | INFO | trades.execution | ORDER_PLACED | ETH | {"order_id": "ORD-20260101-001501-006", "type": "LIMIT", "side": "BUY", "size": 0.15, "price": 2865.78}

[2026-01-01 00:15:02.123] | INFO | trades.execution | ORDER_FILLED | ETH | {"order_id": "ORD-20260101-001501-006", "filled_size": 0.15, "avg_price": 2865.78, "total": 429.87, "fee": 0.09, "status": "COMPLETED"}

[2026-01-01 00:25:01.012] | INFO | trades.execution | ORDER_PLACED | SOL | {"order_id": "ORD-20260101-002501-007", "type": "MARKET", "side": "BUY", "size": 25.00, "price": 99.50}

[2026-01-01 00:25:01.345] | INFO | trades.execution | ORDER_FILLED | SOL | {"order_id": "ORD-20260101-002501-007", "filled_size": 25.00, "avg_price": 99.50, "total": 2487.50, "fee": 0.50, "status": "COMPLETED"}

[2026-01-01 00:25:01.678] | INFO | trades.analytics | TRADE_COMPLETED | SOL | {"trade_id": "TRD-20260101-002501", "pnl": 15.23, "return": 0.61, "duration_ms": 666}

[2026-01-01 01:00:00.000] | INFO | trades.summary | HOURLY_TRADE_SUMMARY | ALL | {"trades": 7, "volume": 25286.82, "pnl": 73.02, "win_rate": 85.71}

[2026-01-01 01:00:00.100] | INFO | trades.summary | HOURLY_TRADE_BREAKDOWN | ALL | {"BTC": {"trades": 2, "pnl": 31.35}, "ETH": {"trades": 2, "pnl": -8.23}, "SOL": {"trades": 2, "pnl": 49.90}}

[2026-01-01 02:00:00.000] | INFO | trades.summary | HOURLY_TRADE_SUMMARY | ALL | {"trades": 0, "volume": 0.00, "pnl": 0.00, "win_rate": 0.00}

[2026-01-01 03:00:00.789] | INFO | trades.execution | ORDER_PLACED | BTC | {"order_id": "ORD-20260101-030000-008", "type": "STOP_LOSS", "side": "SELL", "size": 0.40, "stop_price": 42300.00}

[2026-01-01 03:00:00.901] | INFO | trades.execution | ORDER_TRIGGERED | BTC | {"order_id": "ORD-20260101-030000-008", "trigger_price": 42250.00, "status": "PARTIAL_FILL"}

[2026-01-01 03:00:01.012] | INFO | trades.execution | ORDER_PLACED | ETH | {"order_id": "ORD-20260101-030000-009", "type": "STOP_LOSS", "side": "SELL", "size": 5.00, "stop_price": 2830.00}

[2026-01-01 03:00:01.123] | INFO | trades.execution | ORDER_TRIGGERED | ETH | {"order_id": "ORD-20260101-030000-009", "trigger_price": 2825.00, "status": "PARTIAL_FILL"}

[2026-01-01 03:00:01.234] | INFO | trades.execution | ORDER_PLACED | SOL | {"order_id": "ORD-20260101-030000-010", "type": "STOP_LOSS", "side": "SELL", "size": 60.00, "stop_price": 97.00}

[2026-01-01 03:00:01.345] | INFO | trades.execution | ORDER_TRIGGERED | SOL | {"order_id": "ORD-20260101-030000-010", "trigger_price": 96.80, "status": "PARTIAL_FILL"}

[2026-01-01 03:30:00.000] | INFO | trades.execution | ORDER_CANCELLED | BTC | {"order_id": "ORD-20260101-030000-008", "reason": "drawdown_recovered", "filled_size": 0.10}

[2026-01-01 03:30:00.100] | INFO | trades.execution | ORDER_CANCELLED | ETH | {"order_id": "ORD-20260101-030000-009", "reason": "drawdown_recovered", "filled_size": 2.00}

[2026-01-01 03:30:00.200] | INFO | trades.execution | ORDER_CANCELLED | SOL | {"order_id": "ORD-20260101-030000-010", "reason": "drawdown_recovered", "filled_size": 25.00}

[2026-01-01 04:00:00.000] | INFO | trades.summary | HOURLY_TRADE_SUMMARY | ALL | {"trades": 3, "volume": 12345.67, "pnl": -45.67, "win_rate": 0.00}

[2026-01-01 05:00:00.000] | INFO | trades.execution | ORDER_PLACED | AVAX | {"order_id": "ORD-20260101-050000-011", "type": "LIMIT", "side": "BUY", "size": 50.00, "price": 44.00}

[2026-01-01 05:00:00.100] | INFO | trades.execution | ORDER_FILLED | AVAX | {"order_id": "ORD-20260101-050000-011", "filled_size": 50.00, "avg_price": 44.00, "total": 2200.00, "fee": 0.44, "status": "COMPLETED"}

[2026-01-01 05:00:00.200] | INFO | trades.execution | ORDER_PLACED | DOT | {"order_id": "ORD-20260101-050001-012", "type": "LIMIT", "side": "SELL", "size": 100.00, "price": 8.40}

[2026-01-01 05:00:00.300] | INFO | trades.execution | ORDER_FILLED | DOT | {"order_id": "ORD-20260101-050001-012", "filled_size": 100.00, "avg_price": 8.40, "total": 840.00, "fee": 0.17, "status": "COMPLETED"}

[2026-01-01 06:00:00.000] | INFO | trades.summary | HOURLY_TRADE_SUMMARY | ALL | {"trades": 2, "volume": 3040.00, "pnl": 85.00, "win_rate": 100.00}

[2026-01-01 06:00:00.100] | INFO | trades.summary | HOURLY_TRADE_BREAKDOWN | ALL | {"AVAX": {"trades": 1, "pnl": 125.00}, "DOT": {"trades": 1, "pnl": -40.00}}

[2026-01-01 07:00:00.000] | INFO | trades.summary | HOURLY_TRADE_SUMMARY | ALL | {"trades": 0, "volume": 0.00, "pnl": 0.00, "win_rate": 0.00}

[2026-01-01 08:00:00.000] | INFO | trades.execution | ORDER_PLACED | BTC | {"order_id": "ORD-20260101-080000-013", "type": "LIMIT", "side": "SELL", "size": 0.06, "price": 42420.00}

[2026-01-01 08:00:00.100] | INFO | trades.execution | ORDER_FILLED | BTC | {"order_id": "ORD-20260101-080000-013", "filled_size": 0.06, "avg_price": 42420.00, "total": 2545.20, "fee": 0.51, "status": "COMPLETED"}

[2026-01-01 08:00:00.200] | INFO | trades.execution | ORDER_PLACED | ETH | {"order_id": "ORD-20260101-080000-014", "type": "LIMIT", "side": "SELL", "size": 0.65, "price": 2860.00}

[2026-01-01 08:00:00.300] | INFO | trades.execution | ORDER_FILLED | ETH | {"order_id": "ORD-20260101-080000-014", "filled_size": 0.65, "avg_price": 2860.00, "total": 1859.00, "fee": 0.37, "status": "COMPLETED"}

[2026-01-01 08:00:00.400] | INFO | trades.execution | ORDER_PLACED | SOL | {"order_id": "ORD-20260101-080000-015", "type": "LIMIT", "side": "SELL", "size": 25.00, "price": 99.80}

[2026-01-01 08:00:00.500] | INFO | trades.execution | ORDER_FILLED | SOL | {"order_id": "ORD-20260101-080000-015", "filled_size": 25.00, "avg_price": 99.80, "total": 2495.00, "fee": 0.50, "status": "COMPLETED"}

[2026-01-01 08:00:00.600] | INFO | trades.execution | ORDER_PLACED | AVAX | {"order_id": "ORD-20260101-080000-016", "type": "LIMIT", "side": "SELL", "size": 50.00, "price": 44.50}

[2026-01-01 08:00:00.700] | INFO | trades.execution | ORDER_FILLED | AVAX | {"order_id": "ORD-20260101-080000-016", "filled_size": 50.00, "avg_price": 44.50, "total": 2225.00, "fee": 0.45, "status": "COMPLETED"}

[2026-01-01 08:00:00.800] | INFO | trades.execution | ORDER_PLACED | DOT | {"order_id": "ORD-20260101-080000-017", "type": "LIMIT", "side": "SELL", "size": 50.00, "price": 8.35}

[2026-01-01 08:00:00.900] | INFO | trades.execution | ORDER_FILLED | DOT | {"order_id": "ORD-20260101-080000-017", "filled_size": 50.00, "avg_price": 8.35, "total": 417.50, "fee": 0.08, "status": "COMPLETED"}

[2026-01-01 09:00:00.000] | INFO | trades.summary | HOURLY_TRADE_SUMMARY | ALL | {"trades": 5, "volume": 9541.70, "pnl": 456.78, "win_rate": 100.00}

[2026-01-01 10:00:00.000] | INFO | trades.execution | ORDER_PLACED | BTC | {"order_id": "ORD-20260101-100000-018", "type": "MARKET", "side": "BUY", "size": 0.10, "price": 42450.00}

[2026-01-01 10:00:00.100] | INFO | trades.execution | ORDER_FILLED | BTC | {"order_id": "ORD-20260101-100000-018", "filled_size": 0.10, "avg_price": 42450.00, "total": 4245.00, "fee": 0.85, "status": "COMPLETED"}

[2026-01-01 10:00:00.200] | INFO | trades.execution | ORDER_PLACED | ETH | {"order_id": "ORD-20260101-100001-019", "type": "MARKET", "side": "BUY", "size": 0.50, "price": 2870.00}

[2026-01-01 10:00:00.300] | INFO | trades.execution | ORDER_FILLED | ETH | {"order_id": "ORD-20260101-100001-019", "filled_size": 0.50, "avg_price": 2870.00, "total": 1435.00, "fee": 0.29, "status": "COMPLETED"}

[2026-01-01 10:00:00.400] | INFO | trades.execution | ORDER_PLACED | SOL | {"order_id": "ORD-20260101-100002-020", "type": "MARKET", "side": "SELL", "size": 50.00, "price": 99.80}

[2026-01-01 10:00:00.500] | INFO | trades.execution | ORDER_FILLED | SOL | {"order_id": "ORD-20260101-100002-020", "filled_size": 50.00, "avg_price": 99.80, "total": 4990.00, "fee": 1.00, "status": "COMPLETED"}

[2026-01-01 10:00:00.600] | INFO | trades.analytics | TRADE_COMPLETED | BTC | {"trade_id": "TRD-20260101-100000", "pnl": 18.90, "return": 0.45, "duration_ms": 100}

[2026-01-01 10:00:00.700] | INFO | trades.analytics | TRADE_COMPLETED | ETH | {"trade_id": "TRD-20260101-100001", "pnl": 22.50, "return": 0.78, "duration_ms": 100}

[2026-01-01 10:00:00.800] | INFO | trades.analytics | TRADE_COMPLETED | SOL | {"trade_id": "TRD-20260101-100002", "pnl": -15.00, "return": -0.30, "duration_ms": 100}

[2026-01-01 11:00:00.000] | INFO | trades.summary | HOURLY_TRADE_SUMMARY | ALL | {"trades": 3, "volume": 10670.00, "pnl": 26.40, "win_rate": 66.67}

[2026-01-01 12:00:00.000] | INFO | trades.summary | HOURLY_TRADE_SUMMARY | ALL | {"trades": 0, "volume": 0.00, "pnl": 0.00, "win_rate": 0.00}

[2026-01-01 13:00:00.000] | INFO | trades.execution | ORDER_PLACED | BTC | {"order_id": "ORD-20260101-130000-021", "type": "LIMIT", "side": "SELL", "size": 0.05, "price": 42520.00}

[2026-01-01 13:00:00.100] | INFO | trades.execution | ORDER_FILLED | BTC | {"order_id": "ORD-20260101-130000-021", "filled_size": 0.05, "avg_price": 42520.00, "total": 2126.00, "fee": 0.43, "status": "COMPLETED"}

[2026-01-01 13:00:00.200] | INFO | trades.execution | ORDER_PLACED | ETH | {"order_id": "ORD-20260101-130000-022", "type": "LIMIT", "side": "BUY", "size": 0.30, "price": 2880.00}

[2026-01-01 13:00:00.300] | INFO | trades.execution | ORDER_FILLED | ETH | {"order_id": "ORD-20260101-130000-022", "filled_size": 0.30, "avg_price": 2880.00, "total": 864.00, "fee": 0.17, "status": "COMPLETED"}

[2026-01-01 14:00:00.000] | INFO | trades.execution | ORDER_PLACED | AVAX | {"order_id": "ORD-20260101-140000-023", "type": "MARKET", "side": "SELL", "size": 100.00, "price": 43.50}

[2026-01-01 14:00:00.100] | INFO | trades.execution | ORDER_FILLED | AVAX | {"order_id": "ORD-20260101-140000-023", "filled_size": 100.00, "avg_price": 43.50, "total": 4350.00, "fee": 0.87, "status": "COMPLETED"}

[2026-01-01 14:00:00.200] | INFO | trades.execution | ORDER_PLACED | DOT | {"order_id": "ORD-20260101-140001-024", "type": "MARKET", "side": "SELL", "size": 200.00, "price": 8.30}

[2026-01-01 14:00:00.300] | INFO | trades.execution | ORDER_FILLED | DOT | {"order_id": "ORD-20260101-140001-024", "filled_size": 200.00, "avg_price": 8.30, "total": 1660.00, "fee": 0.33, "status": "COMPLETED"}

[2026-01-01 14:05:00.000] | INFO | trades.execution | ORDER_PLACED | AVAX | {"order_id": "ORD-20260101-140500-025", "type": "MARKET", "side": "BUY", "size": 100.00, "price": 43.80}

[2026-01-01 14:05:00.100] | INFO | trades.execution | ORDER_FILLED | AVAX | {"order_id": "ORD-20260101-140500-025", "filled_size": 100.00, "avg_price": 43.80, "total": 4380.00, "fee": 0.88, "status": "COMPLETED"}

[2026-01-01 14:05:00.200] | INFO | trades.execution | ORDER_PLACED | DOT | {"order_id": "ORD-20260101-140500-026", "type": "MARKET", "side": "BUY", "size": 200.00, "price": 8.35}

[2026-01-01 14:05:00.300] | INFO | trades.execution | ORDER_FILLED | DOT | {"order_id": "ORD-20260101-140500-026", "filled_size": 200.00, "avg_price": 8.35, "total": 1670.00, "fee": 0.33, "status": "COMPLETED"}

[2026-01-01 14:05:00.400] | INFO | trades.analytics | TRADE_COMPLETED | AVAX | {"trade_id": "TRD-20260101-140000", "pnl": -30.00, "return": -0.69, "duration_ms": 500}

[2026-01-01 14:05:00.500] | INFO | trades.analytics | TRADE_COMPLETED | DOT | {"trade_id": "TRD-20260101-140001", "pnl": 10.00, "return": 0.60, "duration_ms": 500}

[2026-01-01 15:00:00.000] | INFO | trades.summary | HOURLY_TRADE_SUMMARY | ALL | {"trades": 4, "volume": 12060.00, "pnl": -20.00, "win_rate": 50.00}

[2026-01-01 16:00:00.000] | INFO | trades.summary | HOURLY_TRADE_SUMMARY | ALL | {"trades": 0, "volume": 0.00, "pnl": 0.00, "win_rate": 0.00}

[2026-01-01 17:00:00.000] | INFO | trades.execution | ORDER_PLACED | BTC | {"order_id": "ORD-20260101-170000-027", "type": "MARKET", "side": "BUY", "size": 0.12, "price": 42480.00}

[2026-01-01 17:00:00.100] | INFO | trades.execution | ORDER_FILLED | BTC | {"order_id": "ORD-20260101-170000-027", "filled_size": 0.12, "avg_price": 42480.00, "total": 5097.60, "fee": 1.02, "status": "COMPLETED"}

[2026-01-01 17:00:00.200] | INFO | trades.execution | ORDER_PLACED | ETH | {"order_id": "ORD-20260101-170001-028", "type": "MARKET", "side": "BUY", "size": 0.40, "price": 2885.00}

[2026-01-01 17:00:00.300] | INFO | trades.execution | ORDER_FILLED | ETH | {"order_id": "ORD-20260101-170001-028", "filled_size": 0.40, "avg_price": 2885.00, "total": 1154.00, "fee": 0.23, "status": "COMPLETED"}

[2026-01-01 17:00:00.400] | INFO | trades.analytics | TRADE_COMPLETED | BTC | {"trade_id": "TRD-20260101-170000", "pnl": 12.00, "return": 0.28, "duration_ms": 100}

[2026-01-01 17:00:00.500] | INFO | trades.analytics | TRADE_COMPLETED | ETH | {"trade_id": "TRD-20260101-170001", "pnl": 8.00, "return": 0.21, "duration_ms": 100}

[2026-01-01 18:00:00.000] | INFO | trades.summary | HOURLY_TRADE_SUMMARY | ALL | {"trades": 2, "volume": 6251.60, "pnl": 20.00, "win_rate": 100.00}

[2026-01-01 19:00:00.000] | INFO | trades.execution | ORDER_PLACED | BTC | {"order_id": "ORD-20260101-190000-029", "type": "LIMIT", "side": "SELL", "size": 0.07, "price": 42550.00}

[2026-01-01 19:00:00.100] | INFO | trades.execution | ORDER_FILLED | BTC | {"order_id": "ORD-20260101-190000-029", "filled_size": 0.07, "avg_price": 42550.00, "total": 2978.50, "fee": 0.60, "status": "COMPLETED"}

[2026-01-01 19:00:00.200] | INFO | trades.execution | ORDER_PLACED | SOL | {"order_id": "ORD-20260101-190000-030", "type": "LIMIT", "side": "BUY", "size": 25.00, "price": 100.50}

[2026-01-01 19:00:00.300] | INFO | trades.execution | ORDER_FILLED | SOL | {"order_id": "ORD-20260101-190000-030", "filled_size": 25.00, "avg_price": 100.50, "total": 2512.50, "fee": 0.50, "status": "COMPLETED"}

[2026-01-01 20:00:00.000] | INFO | trades.summary | HOURLY_TRADE_SUMMARY | ALL | {"trades": 2, "volume": 5491.00, "pnl": 45.67, "win_rate": 100.00}

[2026-01-01 21:00:00.000] | INFO | trades.execution | ORDER_PLACED | BTC | {"order_id": "ORD-20260101-210000-031", "type": "LIMIT", "side": "BUY", "size": 0.05, "price": 42560.00}

[2026-01-01 21:00:00.100] | INFO | trades.execution | ORDER_FILLED | BTC | {"order_id": "ORD-20260101-210000-031", "filled_size": 0.05, "avg_price": 42560.00, "total": 2128.00, "fee": 0.43, "status": "COMPLETED"}

[2026-01-01 22:00:00.000] | INFO | trades.summary | HOURLY_TRADE_SUMMARY | ALL | {"trades": 1, "volume": 2128.00, "pnl": 1.50, "win_rate": 100.00}

[2026-01-01 23:00:00.000] | INFO | trades.summary | HOURLY_TRADE_SUMMARY | ALL | {"trades": 0, "volume": 0.00, "pnl": 0.00, "win_rate": 0.00}

[2026-01-01 23:59:59.999] | INFO | trades.shutdown | ALL_ORDERS_CLOSED | ALL | {"order_count": 31, "total_volume": 123456.78, "total_pnl": 2456.78}

[2026-01-01 23:59:59.999] | INFO | trades.shutdown | TRADE_SUMMARY_DAILY | ALL | {"total_trades": 287, "total_volume": 2345678.90, "total_pnl": 2456.78, "win_rate": 68.30}

[2026-01-01 23:59:59.999] | INFO | trades.shutdown | TRADE_BREAKDOWN_DAILY | ALL | {"BTC": {"trades": 98, "pnl": 856.78}, "ETH": {"trades": 87, "pnl": 678.90}, "SOL": {"trades": 56, "pnl": 456.78}, "AVAX": {"trades": 23, "pnl": 234.56}, "DOT": {"trades": 23, "pnl": 229.76}}

[2026-01-01 23:59:59.999] | INFO | trades.shutdown | FINAL_TRADE_STATUS | ALL | {"status": "CLEAN", "pending_orders": 0, "open_trades": 0, "completed_trades": 287}

# --- TRADES STATISTICS ---
# Total entries: 98
# INFO entries: 96
# WARNING entries: 2
# ERROR entries: 0
#
# Trade Summary:
# - Total trades: 287
# - Total volume: $2,345,678.90
# - Total PnL: $2,456.78
# - Win rate: 68.30%
# - Average trade size: $8,174.00
# - Average trade duration: 234ms
#
# Trade Breakdown by Symbol:
# - BTC: 98 trades, $856.78 PnL, 75.51% win rate
# - ETH: 87 trades, $678.90 PnL, 65.52% win rate
# - SOL: 56 trades, $456.78 PnL, 62.50% win rate
# - AVAX: 23 trades, $234.56 PnL, 56.52% win rate
# - DOT: 23 trades, $229.76 PnL, 52.17% win rate
#
# Trade Breakdown by Type:
# - MARKET orders: 156 trades, $1,456.78 PnL
# - LIMIT orders: 89 trades, $678.90 PnL
# - STOP_LOSS orders: 23 trades, $234.56 PnL
# - TAKE_PROFIT orders: 19 trades, $86.54 PnL
#
# Best Trade: +$156.78 (BTC, 10:00)
# Worst Trade: -$67.89 (SOL, 14:00)
# Best Hour: 09:00-10:00 UTC (+$456.78)
# Worst Hour: 03:00-04:00 UTC (-$45.67)
#
# Fee Summary:
# - Total fees: $2,345.67
# - Average fee per trade: $8.17
# - Fee rate: 0.10%
# - Slippage: $123.45
# - Slippage rate: 0.005%
#
# Execution Metrics:
# - Average fill time: 45.67ms
# - Fastest fill: 12.34ms
# - Slowest fill: 345.67ms
# - Fill rate: 98.50%
# - Partial fills: 12 (4.18%)
#
# --- END OF TRADES LOG ---
